# JRE version: OpenJDK Runtime Environment Temurin-17.0.7+7 (17.0.7+7) (build 17.0.7+7)
# Java VM: OpenJDK 64-Bit Server VM Temurin-17.0.7+7 (17.0.7+7, mixed mode, tiered, compressed oops, compressed class ptrs, parallel gc, windows-amd64)
GC Precious Log:
 CPUs: 12 total, 12 available
 Memory: 16334M
 Large Page Support: Disabled
 NUMA Support: Disabled
 Compressed Oops: Enabled (32-bit)
 Alignments: Space 512K, Generation 512K, Heap 2M
 Heap Min Capacity: 100M
 Heap Initial Capacity: 100M
 Heap Max Capacity: 1G
 Pre-touch: Disabled
 Parallel Workers: 10
Heap:
 PSYoungGen      total 23040K, used 23025K [0x00000000eab00000, 0x00000000ede00000, 0x0000000100000000)
  eden space 14336K, 100% used [0x00000000eab00000,0x00000000eb900000,0x00000000eb900000)
  from space 8704K, 99% used [0x00000000eb980000,0x00000000ec1fc790,0x00000000ec200000)
  to   space 18944K, 21% used [0x00000000ecb80000,0x00000000ecf715f8,0x00000000ede00000)
 ParOldGen       total 266752K, used 178527K [0x00000000c0000000, 0x00000000d0480000, 0x00000000eab00000)
  object space 266752K, 66% used [0x00000000c0000000,0x00000000cae57d20,0x00000000d0480000)
 Metaspace       used 87507K, committed 89024K, reserved 1179648K
  class space    used 8841K, committed 9536K, reserved 1048576K
GC Heap History (20 events):
Event: 146.094 GC heap after
{Heap after GC invocations=1428 (full 37):
 PSYoungGen      total 24064K, used 7717K [0x00000000eab00000, 0x00000000ecd00000, 0x0000000100000000)
  eden space 15872K, 0% used [0x00000000eab00000,0x00000000eab00000,0x00000000eba80000)
  from space 8192K, 94% used [0x00000000ec500000,0x00000000ecc896a0,0x00000000ecd00000)
  to   space 8704K, 0% used [0x00000000ebc00000,0x00000000ebc00000,0x00000000ec480000)
 ParOldGen       total 266752K, used 147569K [0x00000000c0000000, 0x00000000d0480000, 0x00000000eab00000)
  object space 266752K, 55% used [0x00000000c0000000,0x00000000c901c4e0,0x00000000d0480000)
 Metaspace       used 87486K, committed 89024K, reserved 1179648K
  class space    used 8841K, committed 9536K, reserved 1048576K
}
Event: 146.325 GC heap before
{Heap before GC invocations=1429 (full 37):
 PSYoungGen      total 24064K, used 23274K [0x00000000eab00000, 0x00000000ecd00000, 0x0000000100000000)
  eden space 15872K, 98% used [0x00000000eab00000,0x00000000eba31320,0x00000000eba80000)
  from space 8192K, 94% used [0x00000000ec500000,0x00000000ecc896a0,0x00000000ecd00000)
  to   space 8704K, 0% used [0x00000000ebc00000,0x00000000ebc00000,0x00000000ec480000)
 ParOldGen       total 266752K, used 147569K [0x00000000c0000000, 0x00000000d0480000, 0x00000000eab00000)
  object space 266752K, 55% used [0x00000000c0000000,0x00000000c901c4e0,0x00000000d0480000)
 Metaspace       used 87487K, committed 89024K, reserved 1179648K
  class space    used 8841K, committed 9536K, reserved 1048576K
}
Event: 146.327 GC heap after
{Heap after GC invocations=1429 (full 37):
 PSYoungGen      total 16384K, used 489K [0x00000000eab00000, 0x00000000ec580000, 0x0000000100000000)
  eden space 15872K, 0% used [0x00000000eab00000,0x00000000eab00000,0x00000000eba80000)
  from space 512K, 95% used [0x00000000ebc00000,0x00000000ebc7a400,0x00000000ebc80000)
  to   space 3584K, 0% used [0x00000000ec200000,0x00000000ec200000,0x00000000ec580000)
 ParOldGen       total 266752K, used 154094K [0x00000000c0000000, 0x00000000d0480000, 0x00000000eab00000)
  object space 266752K, 57% used [0x00000000c0000000,0x00000000c967bbc8,0x00000000d0480000)
 Metaspace       used 87487K, committed 89024K, reserved 1179648K
  class space    used 8841K, committed 9536K, reserved 1048576K
}
Event: 146.358 GC heap before
{Heap before GC invocations=1430 (full 37):
 PSYoungGen      total 16384K, used 16361K [0x00000000eab00000, 0x00000000ec580000, 0x0000000100000000)
  eden space 15872K, 100% used [0x00000000eab00000,0x00000000eba80000,0x00000000eba80000)
  from space 512K, 95% used [0x00000000ebc00000,0x00000000ebc7a400,0x00000000ebc80000)
  to   space 3584K, 0% used [0x00000000ec200000,0x00000000ec200000,0x00000000ec580000)
 ParOldGen       total 266752K, used 154094K [0x00000000c0000000, 0x00000000d0480000, 0x00000000eab00000)
  object space 266752K, 57% used [0x00000000c0000000,0x00000000c967bbc8,0x00000000d0480000)
 Metaspace       used 87487K, committed 89024K, reserved 1179648K
  class space    used 8841K, committed 9536K, reserved 1048576K
}
Event: 146.359 GC heap after
{Heap after GC invocations=1430 (full 37):
 PSYoungGen      total 18944K, used 2960K [0x00000000eab00000, 0x00000000ec500000, 0x0000000100000000)
  eden space 15872K, 0% used [0x00000000eab00000,0x00000000eab00000,0x00000000eba80000)
  from space 3072K, 96% used [0x00000000ec200000,0x00000000ec4e40b8,0x00000000ec500000)
  to   space 3584K, 0% used [0x00000000ebe00000,0x00000000ebe00000,0x00000000ec180000)
 ParOldGen       total 266752K, used 154094K [0x00000000c0000000, 0x00000000d0480000, 0x00000000eab00000)
  object space 266752K, 57% used [0x00000000c0000000,0x00000000c967bbc8,0x00000000d0480000)
 Metaspace       used 87487K, committed 89024K, reserved 1179648K
  class space    used 8841K, committed 9536K, reserved 1048576K
}
Event: 146.657 GC heap before
{Heap before GC invocations=1431 (full 37):
 PSYoungGen      total 18944K, used 18832K [0x00000000eab00000, 0x00000000ec500000, 0x0000000100000000)
  eden space 15872K, 100% used [0x00000000eab00000,0x00000000eba80000,0x00000000eba80000)
  from space 3072K, 96% used [0x00000000ec200000,0x00000000ec4e40b8,0x00000000ec500000)
  to   space 3584K, 0% used [0x00000000ebe00000,0x00000000ebe00000,0x00000000ec180000)
 ParOldGen       total 266752K, used 154094K [0x00000000c0000000, 0x00000000d0480000, 0x00000000eab00000)
  object space 266752K, 57% used [0x00000000c0000000,0x00000000c967bbc8,0x00000000d0480000)
 Metaspace       used 87488K, committed 89024K, reserved 1179648K
  class space    used 8841K, committed 9536K, reserved 1048576K
}
Event: 146.658 GC heap after
{Heap after GC invocations=1431 (full 37):
 PSYoungGen      total 16384K, used 416K [0x00000000eab00000, 0x00000000ec280000, 0x0000000100000000)
  eden space 15872K, 0% used [0x00000000eab00000,0x00000000eab00000,0x00000000eba80000)
  from space 512K, 81% used [0x00000000ebe00000,0x00000000ebe68000,0x00000000ebe80000)
  to   space 1536K, 0% used [0x00000000ec100000,0x00000000ec100000,0x00000000ec280000)
 ParOldGen       total 266752K, used 154094K [0x00000000c0000000, 0x00000000d0480000, 0x00000000eab00000)
  object space 266752K, 57% used [0x00000000c0000000,0x00000000c967bbc8,0x00000000d0480000)
 Metaspace       used 87488K, committed 89024K, reserved 1179648K
  class space    used 8841K, committed 9536K, reserved 1048576K
}
Event: 146.919 GC heap before
{Heap before GC invocations=1432 (full 37):
 PSYoungGen      total 16384K, used 16288K [0x00000000eab00000, 0x00000000ec280000, 0x0000000100000000)
  eden space 15872K, 100% used [0x00000000eab00000,0x00000000eba80000,0x00000000eba80000)
  from space 512K, 81% used [0x00000000ebe00000,0x00000000ebe68000,0x00000000ebe80000)
  to   space 1536K, 0% used [0x00000000ec100000,0x00000000ec100000,0x00000000ec280000)
 ParOldGen       total 266752K, used 154094K [0x00000000c0000000, 0x00000000d0480000, 0x00000000eab00000)
  object space 266752K, 57% used [0x00000000c0000000,0x00000000c967bbc8,0x00000000d0480000)
 Metaspace       used 87491K, committed 89024K, reserved 1179648K
  class space    used 8841K, committed 9536K, reserved 1048576K
}
Event: 146.924 GC heap after
{Heap after GC invocations=1432 (full 37):
 PSYoungGen      total 16384K, used 1514K [0x00000000eab00000, 0x00000000ec980000, 0x0000000100000000)
  eden space 14848K, 0% used [0x00000000eab00000,0x00000000eab00000,0x00000000eb980000)
  from space 1536K, 98% used [0x00000000ec100000,0x00000000ec27aa10,0x00000000ec280000)
  to   space 7680K, 0% used [0x00000000eb980000,0x00000000eb980000,0x00000000ec100000)
 ParOldGen       total 266752K, used 158918K [0x00000000c0000000, 0x00000000d0480000, 0x00000000eab00000)
  object space 266752K, 59% used [0x00000000c0000000,0x00000000c9b31bc8,0x00000000d0480000)
 Metaspace       used 87491K, committed 89024K, reserved 1179648K
  class space    used 8841K, committed 9536K, reserved 1048576K
}
Event: 146.955 GC heap before
{Heap before GC invocations=1433 (full 37):
 PSYoungGen      total 16384K, used 16362K [0x00000000eab00000, 0x00000000ec980000, 0x0000000100000000)
  eden space 14848K, 100% used [0x00000000eab00000,0x00000000eb980000,0x00000000eb980000)
  from space 1536K, 98% used [0x00000000ec100000,0x00000000ec27aa10,0x00000000ec280000)
  to   space 7680K, 0% used [0x00000000eb980000,0x00000000eb980000,0x00000000ec100000)
 ParOldGen       total 266752K, used 158918K [0x00000000c0000000, 0x00000000d0480000, 0x00000000eab00000)
  object space 266752K, 59% used [0x00000000c0000000,0x00000000c9b31bc8,0x00000000d0480000)
 Metaspace       used 87492K, committed 89024K, reserved 1179648K
  class space    used 8841K, committed 9536K, reserved 1048576K
}
Event: 146.957 GC heap after
{Heap after GC invocations=1433 (full 37):
 PSYoungGen      total 22528K, used 7662K [0x00000000eab00000, 0x00000000eca80000, 0x0000000100000000)
  eden space 14848K, 0% used [0x00000000eab00000,0x00000000eab00000,0x00000000eb980000)
  from space 7680K, 99% used [0x00000000eb980000,0x00000000ec0fbac0,0x00000000ec100000)
  to   space 8704K, 0% used [0x00000000ec200000,0x00000000ec200000,0x00000000eca80000)
 ParOldGen       total 266752K, used 159134K [0x00000000c0000000, 0x00000000d0480000, 0x00000000eab00000)
  object space 266752K, 59% used [0x00000000c0000000,0x00000000c9b67bc8,0x00000000d0480000)
 Metaspace       used 87492K, committed 89024K, reserved 1179648K
  class space    used 8841K, committed 9536K, reserved 1048576K
}
Event: 147.000 GC heap before
{Heap before GC invocations=1434 (full 37):
 PSYoungGen      total 22528K, used 22510K [0x00000000eab00000, 0x00000000eca80000, 0x0000000100000000)
  eden space 14848K, 100% used [0x00000000eab00000,0x00000000eb980000,0x00000000eb980000)
  from space 7680K, 99% used [0x00000000eb980000,0x00000000ec0fbac0,0x00000000ec100000)
  to   space 8704K, 0% used [0x00000000ec200000,0x00000000ec200000,0x00000000eca80000)
 ParOldGen       total 266752K, used 159134K [0x00000000c0000000, 0x00000000d0480000, 0x00000000eab00000)
  object space 266752K, 59% used [0x00000000c0000000,0x00000000c9b67bc8,0x00000000d0480000)
 Metaspace       used 87493K, committed 89024K, reserved 1179648K
  class space    used 8841K, committed 9536K, reserved 1048576K
}
Event: 147.004 GC heap after
{Heap after GC invocations=1434 (full 37):
 PSYoungGen      total 23040K, used 8615K [0x00000000eab00000, 0x00000000ecb80000, 0x0000000100000000)
  eden space 14336K, 0% used [0x00000000eab00000,0x00000000eab00000,0x00000000eb900000)
  from space 8704K, 98% used [0x00000000ec200000,0x00000000eca69ec0,0x00000000eca80000)
  to   space 9216K, 0% used [0x00000000eb900000,0x00000000eb900000,0x00000000ec200000)
 ParOldGen       total 266752K, used 159374K [0x00000000c0000000, 0x00000000d0480000, 0x00000000eab00000)
  object space 266752K, 59% used [0x00000000c0000000,0x00000000c9ba3bc8,0x00000000d0480000)
 Metaspace       used 87493K, committed 89024K, reserved 1179648K
  class space    used 8841K, committed 9536K, reserved 1048576K
}
Event: 147.460 GC heap before
{Heap before GC invocations=1435 (full 37):
 PSYoungGen      total 23040K, used 22951K [0x00000000eab00000, 0x00000000ecb80000, 0x0000000100000000)
  eden space 14336K, 100% used [0x00000000eab00000,0x00000000eb900000,0x00000000eb900000)
  from space 8704K, 98% used [0x00000000ec200000,0x00000000eca69ec0,0x00000000eca80000)
  to   space 9216K, 0% used [0x00000000eb900000,0x00000000eb900000,0x00000000ec200000)
 ParOldGen       total 266752K, used 159374K [0x00000000c0000000, 0x00000000d0480000, 0x00000000eab00000)
  object space 266752K, 59% used [0x00000000c0000000,0x00000000c9ba3bc8,0x00000000d0480000)
 Metaspace       used 87493K, committed 89024K, reserved 1179648K
  class space    used 8841K, committed 9536K, reserved 1048576K
}
Event: 147.463 GC heap after
{Heap after GC invocations=1435 (full 37):
 PSYoungGen      total 23552K, used 9189K [0x00000000eab00000, 0x00000000ecc00000, 0x0000000100000000)
  eden space 14336K, 0% used [0x00000000eab00000,0x00000000eab00000,0x00000000eb900000)
  from space 9216K, 99% used [0x00000000eb900000,0x00000000ec1f96e0,0x00000000ec200000)
  to   space 9728K, 0% used [0x00000000ec280000,0x00000000ec280000,0x00000000ecc00000)
 ParOldGen       total 266752K, used 159630K [0x00000000c0000000, 0x00000000d0480000, 0x00000000eab00000)
  object space 266752K, 59% used [0x00000000c0000000,0x00000000c9be3bc8,0x00000000d0480000)
 Metaspace       used 87493K, committed 89024K, reserved 1179648K
  class space    used 8841K, committed 9536K, reserved 1048576K
}
Event: 148.548 GC heap before
{Heap before GC invocations=1436 (full 37):
 PSYoungGen      total 23552K, used 23525K [0x00000000eab00000, 0x00000000ecc00000, 0x0000000100000000)
  eden space 14336K, 100% used [0x00000000eab00000,0x00000000eb900000,0x00000000eb900000)
  from space 9216K, 99% used [0x00000000eb900000,0x00000000ec1f96e0,0x00000000ec200000)
  to   space 9728K, 0% used [0x00000000ec280000,0x00000000ec280000,0x00000000ecc00000)
 ParOldGen       total 266752K, used 159630K [0x00000000c0000000, 0x00000000d0480000, 0x00000000eab00000)
  object space 266752K, 59% used [0x00000000c0000000,0x00000000c9be3bc8,0x00000000d0480000)
 Metaspace       used 87498K, committed 89024K, reserved 1179648K
  class space    used 8841K, committed 9536K, reserved 1048576K
}
Event: 148.554 GC heap after
{Heap after GC invocations=1436 (full 37):
 PSYoungGen      total 22528K, used 8138K [0x00000000eab00000, 0x00000000eca80000, 0x0000000100000000)
  eden space 14336K, 0% used [0x00000000eab00000,0x00000000eab00000,0x00000000eb900000)
  from space 8192K, 99% used [0x00000000ec280000,0x00000000eca72a10,0x00000000eca80000)
  to   space 8704K, 0% used [0x00000000eb980000,0x00000000eb980000,0x00000000ec200000)
 ParOldGen       total 266752K, used 167960K [0x00000000c0000000, 0x00000000d0480000, 0x00000000eab00000)
  object space 266752K, 62% used [0x00000000c0000000,0x00000000ca4063b8,0x00000000d0480000)
 Metaspace       used 87498K, committed 89024K, reserved 1179648K
  class space    used 8841K, committed 9536K, reserved 1048576K
}
Event: 148.587 GC heap before
{Heap before GC invocations=1437 (full 37):
 PSYoungGen      total 22528K, used 22474K [0x00000000eab00000, 0x00000000eca80000, 0x0000000100000000)
  eden space 14336K, 100% used [0x00000000eab00000,0x00000000eb900000,0x00000000eb900000)
  from space 8192K, 99% used [0x00000000ec280000,0x00000000eca72a10,0x00000000eca80000)
  to   space 8704K, 0% used [0x00000000eb980000,0x00000000eb980000,0x00000000ec200000)
 ParOldGen       total 266752K, used 167960K [0x00000000c0000000, 0x00000000d0480000, 0x00000000eab00000)
  object space 266752K, 62% used [0x00000000c0000000,0x00000000ca4063b8,0x00000000d0480000)
 Metaspace       used 87498K, committed 89024K, reserved 1179648K
  class space    used 8841K, committed 9536K, reserved 1048576K
}
Event: 148.594 GC heap after
{Heap after GC invocations=1437 (full 37):
 PSYoungGen      total 23040K, used 8689K [0x00000000eab00000, 0x00000000ede00000, 0x0000000100000000)
  eden space 14336K, 0% used [0x00000000eab00000,0x00000000eab00000,0x00000000eb900000)
  from space 8704K, 99% used [0x00000000eb980000,0x00000000ec1fc790,0x00000000ec200000)
  to   space 18944K, 0% used [0x00000000ecb80000,0x00000000ecb80000,0x00000000ede00000)
 ParOldGen       total 266752K, used 176280K [0x00000000c0000000, 0x00000000d0480000, 0x00000000eab00000)
  object space 266752K, 66% used [0x00000000c0000000,0x00000000cac263b8,0x00000000d0480000)
 Metaspace       used 87498K, committed 89024K, reserved 1179648K
  class space    used 8841K, committed 9536K, reserved 1048576K
}
Event: 148.636 GC heap before
{Heap before GC invocations=1438 (full 37):
 PSYoungGen      total 23040K, used 23025K [0x00000000eab00000, 0x00000000ede00000, 0x0000000100000000)
  eden space 14336K, 100% used [0x00000000eab00000,0x00000000eb900000,0x00000000eb900000)
  from space 8704K, 99% used [0x00000000eb980000,0x00000000ec1fc790,0x00000000ec200000)
  to   space 18944K, 0% used [0x00000000ecb80000,0x00000000ecb80000,0x00000000ede00000)
 ParOldGen       total 266752K, used 176280K [0x00000000c0000000, 0x00000000d0480000, 0x00000000eab00000)
  object space 266752K, 66% used [0x00000000c0000000,0x00000000cac263b8,0x00000000d0480000)
 Metaspace       used 87507K, committed 89024K, reserved 1179648K
  class space    used 8841K, committed 9536K, reserved 1048576K
}

