# JRE version: OpenJDK Runtime Environment Temurin-17.0.7+7 (17.0.7+7) (build 17.0.7+7)
# Java VM: OpenJDK 64-Bit Server VM Temurin-17.0.7+7 (17.0.7+7, mixed mode, tiered, compressed oops, compressed class ptrs, parallel gc, windows-amd64)
GC Precious Log:
 CPUs: 12 total, 12 available
 Memory: 16334M
 Large Page Support: Disabled
 NUMA Support: Disabled
 Compressed Oops: Enabled (32-bit)
 Alignments: Space 512K, Generation 512K, Heap 2M
 Heap Min Capacity: 100M
 Heap Initial Capacity: 100M
 Heap Max Capacity: 1G
 Pre-touch: Disabled
 Parallel Workers: 10
Heap:
 PSYoungGen      total 9216K, used 9007K [0x00000000eab00000, 0x00000000ebb80000, 0x0000000100000000)
  eden space 5632K, 100% used [0x00000000eab00000,0x00000000eb080000,0x00000000eb080000)
  from space 3584K, 94% used [0x00000000eb080000,0x00000000eb3cbd50,0x00000000eb400000)
  to   space 5120K, 90% used [0x00000000eb680000,0x00000000ebb03b20,0x00000000ebb80000)
 ParOldGen       total 699392K, used 238608K [0x00000000c0000000, 0x00000000eab00000, 0x00000000eab00000)
  object space 699392K, 34% used [0x00000000c0000000,0x00000000ce904160,0x00000000eab00000)
 Metaspace       used 98038K, committed 99328K, reserved 1179648K
  class space    used 9639K, committed 10240K, reserved 1048576K
GC Heap History (20 events):
Event: 3849.270 GC heap after
{Heap after GC invocations=36904 (full 380):
 PSYoungGen      total 14848K, used 5902K [0x00000000eab00000, 0x00000000ec000000, 0x0000000100000000)
  eden space 8704K, 0% used [0x00000000eab00000,0x00000000eab00000,0x00000000eb380000)
  from space 6144K, 96% used [0x00000000eba00000,0x00000000ebfc38f0,0x00000000ec000000)
  to   space 6144K, 0% used [0x00000000eb400000,0x00000000eb400000,0x00000000eba00000)
 ParOldGen       total 502784K, used 208709K [0x00000000c0000000, 0x00000000deb00000, 0x00000000eab00000)
  object space 502784K, 41% used [0x00000000c0000000,0x00000000ccbd16c8,0x00000000deb00000)
 Metaspace       used 98038K, committed 99328K, reserved 1179648K
  class space    used 9639K, committed 10240K, reserved 1048576K
}
Event: 3849.286 GC heap before
{Heap before GC invocations=36905 (full 380):
 PSYoungGen      total 14848K, used 14462K [0x00000000eab00000, 0x00000000ec000000, 0x0000000100000000)
  eden space 8704K, 98% used [0x00000000eab00000,0x00000000eb35c300,0x00000000eb380000)
  from space 6144K, 96% used [0x00000000eba00000,0x00000000ebfc38f0,0x00000000ec000000)
  to   space 6144K, 0% used [0x00000000eb400000,0x00000000eb400000,0x00000000eba00000)
 ParOldGen       total 502784K, used 208709K [0x00000000c0000000, 0x00000000deb00000, 0x00000000eab00000)
  object space 502784K, 41% used [0x00000000c0000000,0x00000000ccbd16c8,0x00000000deb00000)
 Metaspace       used 98038K, committed 99328K, reserved 1179648K
  class space    used 9639K, committed 10240K, reserved 1048576K
}
Event: 3849.291 GC heap after
{Heap after GC invocations=36905 (full 380):
 PSYoungGen      total 13312K, used 3607K [0x00000000eab00000, 0x00000000ebe00000, 0x0000000100000000)
  eden space 9216K, 0% used [0x00000000eab00000,0x00000000eab00000,0x00000000eb400000)
  from space 4096K, 88% used [0x00000000eb400000,0x00000000eb785f50,0x00000000eb800000)
  to   space 4608K, 0% used [0x00000000eb980000,0x00000000eb980000,0x00000000ebe00000)
 ParOldGen       total 502784K, used 214494K [0x00000000c0000000, 0x00000000deb00000, 0x00000000eab00000)
  object space 502784K, 42% used [0x00000000c0000000,0x00000000cd177820,0x00000000deb00000)
 Metaspace       used 98038K, committed 99328K, reserved 1179648K
  class space    used 9639K, committed 10240K, reserved 1048576K
}
Event: 3849.311 GC heap before
{Heap before GC invocations=36906 (full 380):
 PSYoungGen      total 13312K, used 12823K [0x00000000eab00000, 0x00000000ebe00000, 0x0000000100000000)
  eden space 9216K, 100% used [0x00000000eab00000,0x00000000eb400000,0x00000000eb400000)
  from space 4096K, 88% used [0x00000000eb400000,0x00000000eb785f50,0x00000000eb800000)
  to   space 4608K, 0% used [0x00000000eb980000,0x00000000eb980000,0x00000000ebe00000)
 ParOldGen       total 502784K, used 214494K [0x00000000c0000000, 0x00000000deb00000, 0x00000000eab00000)
  object space 502784K, 42% used [0x00000000c0000000,0x00000000cd177820,0x00000000deb00000)
 Metaspace       used 98038K, committed 99328K, reserved 1179648K
  class space    used 9639K, committed 10240K, reserved 1048576K
}
Event: 3849.315 GC heap after
{Heap after GC invocations=36906 (full 380):
 PSYoungGen      total 14336K, used 3114K [0x00000000eab00000, 0x00000000ebd00000, 0x0000000100000000)
  eden space 10752K, 0% used [0x00000000eab00000,0x00000000eab00000,0x00000000eb580000)
  from space 3584K, 86% used [0x00000000eb980000,0x00000000ebc8aa10,0x00000000ebd00000)
  to   space 3584K, 0% used [0x00000000eb600000,0x00000000eb600000,0x00000000eb980000)
 ParOldGen       total 502784K, used 216948K [0x00000000c0000000, 0x00000000deb00000, 0x00000000eab00000)
  object space 502784K, 43% used [0x00000000c0000000,0x00000000cd3dd250,0x00000000deb00000)
 Metaspace       used 98038K, committed 99328K, reserved 1179648K
  class space    used 9639K, committed 10240K, reserved 1048576K
}
Event: 3849.333 GC heap before
{Heap before GC invocations=36907 (full 380):
 PSYoungGen      total 14336K, used 13748K [0x00000000eab00000, 0x00000000ebd00000, 0x0000000100000000)
  eden space 10752K, 98% used [0x00000000eab00000,0x00000000eb562818,0x00000000eb580000)
  from space 3584K, 86% used [0x00000000eb980000,0x00000000ebc8aa10,0x00000000ebd00000)
  to   space 3584K, 0% used [0x00000000eb600000,0x00000000eb600000,0x00000000eb980000)
 ParOldGen       total 502784K, used 216948K [0x00000000c0000000, 0x00000000deb00000, 0x00000000eab00000)
  object space 502784K, 43% used [0x00000000c0000000,0x00000000cd3dd250,0x00000000deb00000)
 Metaspace       used 98038K, committed 99328K, reserved 1179648K
  class space    used 9639K, committed 10240K, reserved 1048576K
}
Event: 3849.335 GC heap after
{Heap after GC invocations=36907 (full 380):
 PSYoungGen      total 14848K, used 1460K [0x00000000eab00000, 0x00000000ebc00000, 0x0000000100000000)
  eden space 11264K, 0% used [0x00000000eab00000,0x00000000eab00000,0x00000000eb600000)
  from space 3584K, 40% used [0x00000000eb600000,0x00000000eb76d3a0,0x00000000eb980000)
  to   space 2560K, 0% used [0x00000000eb980000,0x00000000eb980000,0x00000000ebc00000)
 ParOldGen       total 502784K, used 217012K [0x00000000c0000000, 0x00000000deb00000, 0x00000000eab00000)
  object space 502784K, 43% used [0x00000000c0000000,0x00000000cd3ed250,0x00000000deb00000)
 Metaspace       used 98038K, committed 99328K, reserved 1179648K
  class space    used 9639K, committed 10240K, reserved 1048576K
}
Event: 3849.348 GC heap before
{Heap before GC invocations=36908 (full 380):
 PSYoungGen      total 14848K, used 12724K [0x00000000eab00000, 0x00000000ebc00000, 0x0000000100000000)
  eden space 11264K, 100% used [0x00000000eab00000,0x00000000eb600000,0x00000000eb600000)
  from space 3584K, 40% used [0x00000000eb600000,0x00000000eb76d3a0,0x00000000eb980000)
  to   space 2560K, 0% used [0x00000000eb980000,0x00000000eb980000,0x00000000ebc00000)
 ParOldGen       total 502784K, used 217012K [0x00000000c0000000, 0x00000000deb00000, 0x00000000eab00000)
  object space 502784K, 43% used [0x00000000c0000000,0x00000000cd3ed250,0x00000000deb00000)
 Metaspace       used 98038K, committed 99328K, reserved 1179648K
  class space    used 9639K, committed 10240K, reserved 1048576K
}
Event: 3849.350 GC heap after
{Heap after GC invocations=36908 (full 380):
 PSYoungGen      total 11264K, used 2551K [0x00000000eab00000, 0x00000000ec380000, 0x0000000100000000)
  eden space 8704K, 0% used [0x00000000eab00000,0x00000000eab00000,0x00000000eb380000)
  from space 2560K, 99% used [0x00000000eb980000,0x00000000ebbfdf50,0x00000000ebc00000)
  to   space 6144K, 0% used [0x00000000eb380000,0x00000000eb380000,0x00000000eb980000)
 ParOldGen       total 502784K, used 219625K [0x00000000c0000000, 0x00000000deb00000, 0x00000000eab00000)
  object space 502784K, 43% used [0x00000000c0000000,0x00000000cd67a498,0x00000000deb00000)
 Metaspace       used 98038K, committed 99328K, reserved 1179648K
  class space    used 9639K, committed 10240K, reserved 1048576K
}
Event: 3849.367 GC heap before
{Heap before GC invocations=36909 (full 380):
 PSYoungGen      total 11264K, used 11255K [0x00000000eab00000, 0x00000000ec380000, 0x0000000100000000)
  eden space 8704K, 100% used [0x00000000eab00000,0x00000000eb380000,0x00000000eb380000)
  from space 2560K, 99% used [0x00000000eb980000,0x00000000ebbfdf50,0x00000000ebc00000)
  to   space 6144K, 0% used [0x00000000eb380000,0x00000000eb380000,0x00000000eb980000)
 ParOldGen       total 502784K, used 219625K [0x00000000c0000000, 0x00000000deb00000, 0x00000000eab00000)
  object space 502784K, 43% used [0x00000000c0000000,0x00000000cd67a498,0x00000000deb00000)
 Metaspace       used 98038K, committed 99328K, reserved 1179648K
  class space    used 9639K, committed 10240K, reserved 1048576K
}
Event: 3849.370 GC heap after
{Heap after GC invocations=36909 (full 380):
 PSYoungGen      total 14848K, used 5254K [0x00000000eab00000, 0x00000000ec000000, 0x0000000100000000)
  eden space 8704K, 0% used [0x00000000eab00000,0x00000000eab00000,0x00000000eb380000)
  from space 6144K, 85% used [0x00000000eb380000,0x00000000eb8a1a50,0x00000000eb980000)
  to   space 5632K, 0% used [0x00000000eba80000,0x00000000eba80000,0x00000000ec000000)
 ParOldGen       total 502784K, used 221119K [0x00000000c0000000, 0x00000000deb00000, 0x00000000eab00000)
  object space 502784K, 43% used [0x00000000c0000000,0x00000000cd7efcf8,0x00000000deb00000)
 Metaspace       used 98038K, committed 99328K, reserved 1179648K
  class space    used 9639K, committed 10240K, reserved 1048576K
}
Event: 3849.397 GC heap before
{Heap before GC invocations=36910 (full 380):
 PSYoungGen      total 14848K, used 13119K [0x00000000eab00000, 0x00000000ec000000, 0x0000000100000000)
  eden space 8704K, 90% used [0x00000000eab00000,0x00000000eb2ae3a8,0x00000000eb380000)
  from space 6144K, 85% used [0x00000000eb380000,0x00000000eb8a1a50,0x00000000eb980000)
  to   space 5632K, 0% used [0x00000000eba80000,0x00000000eba80000,0x00000000ec000000)
 ParOldGen       total 502784K, used 221119K [0x00000000c0000000, 0x00000000deb00000, 0x00000000eab00000)
  object space 502784K, 43% used [0x00000000c0000000,0x00000000cd7efcf8,0x00000000deb00000)
 Metaspace       used 98038K, committed 99328K, reserved 1179648K
  class space    used 9639K, committed 10240K, reserved 1048576K
}
Event: 3849.401 GC heap after
{Heap after GC invocations=36910 (full 380):
 PSYoungGen      total 13824K, used 3397K [0x00000000eab00000, 0x00000000ebe00000, 0x0000000100000000)
  eden space 10240K, 0% used [0x00000000eab00000,0x00000000eab00000,0x00000000eb500000)
  from space 3584K, 94% used [0x00000000eba80000,0x00000000ebdd17e8,0x00000000ebe00000)
  to   space 4096K, 0% used [0x00000000eb600000,0x00000000eb600000,0x00000000eba00000)
 ParOldGen       total 502784K, used 225540K [0x00000000c0000000, 0x00000000deb00000, 0x00000000eab00000)
  object space 502784K, 44% used [0x00000000c0000000,0x00000000cdc413d0,0x00000000deb00000)
 Metaspace       used 98038K, committed 99328K, reserved 1179648K
  class space    used 9639K, committed 10240K, reserved 1048576K
}
Event: 3849.441 GC heap before
{Heap before GC invocations=36911 (full 380):
 PSYoungGen      total 13824K, used 13616K [0x00000000eab00000, 0x00000000ebe00000, 0x0000000100000000)
  eden space 10240K, 99% used [0x00000000eab00000,0x00000000eb4faac8,0x00000000eb500000)
  from space 3584K, 94% used [0x00000000eba80000,0x00000000ebdd17e8,0x00000000ebe00000)
  to   space 4096K, 0% used [0x00000000eb600000,0x00000000eb600000,0x00000000eba00000)
 ParOldGen       total 502784K, used 225540K [0x00000000c0000000, 0x00000000deb00000, 0x00000000eab00000)
  object space 502784K, 44% used [0x00000000c0000000,0x00000000cdc413d0,0x00000000deb00000)
 Metaspace       used 98038K, committed 99328K, reserved 1179648K
  class space    used 9639K, committed 10240K, reserved 1048576K
}
Event: 3849.443 GC heap after
{Heap after GC invocations=36911 (full 380):
 PSYoungGen      total 11776K, used 291K [0x00000000eab00000, 0x00000000ebb00000, 0x0000000100000000)
  eden space 11264K, 0% used [0x00000000eab00000,0x00000000eab00000,0x00000000eb600000)
  from space 512K, 56% used [0x00000000eb600000,0x00000000eb648cc0,0x00000000eb680000)
  to   space 2048K, 0% used [0x00000000eb900000,0x00000000eb900000,0x00000000ebb00000)
 ParOldGen       total 502784K, used 228331K [0x00000000c0000000, 0x00000000deb00000, 0x00000000eab00000)
  object space 502784K, 45% used [0x00000000c0000000,0x00000000cdefac88,0x00000000deb00000)
 Metaspace       used 98038K, committed 99328K, reserved 1179648K
  class space    used 9639K, committed 10240K, reserved 1048576K
}
Event: 3849.557 GC heap before
{Heap before GC invocations=36912 (full 380):
 PSYoungGen      total 11776K, used 11555K [0x00000000eab00000, 0x00000000ebb00000, 0x0000000100000000)
  eden space 11264K, 100% used [0x00000000eab00000,0x00000000eb600000,0x00000000eb600000)
  from space 512K, 56% used [0x00000000eb600000,0x00000000eb648cc0,0x00000000eb680000)
  to   space 2048K, 0% used [0x00000000eb900000,0x00000000eb900000,0x00000000ebb00000)
 ParOldGen       total 502784K, used 228331K [0x00000000c0000000, 0x00000000deb00000, 0x00000000eab00000)
  object space 502784K, 45% used [0x00000000c0000000,0x00000000cdefac88,0x00000000deb00000)
 Metaspace       used 98038K, committed 99328K, reserved 1179648K
  class space    used 9639K, committed 10240K, reserved 1048576K
}
Event: 3849.560 GC heap after
{Heap after GC invocations=36912 (full 380):
 PSYoungGen      total 7680K, used 2021K [0x00000000eab00000, 0x00000000ec700000, 0x0000000100000000)
  eden space 5632K, 0% used [0x00000000eab00000,0x00000000eab00000,0x00000000eb080000)
  from space 2048K, 98% used [0x00000000eb900000,0x00000000ebaf94e0,0x00000000ebb00000)
  to   space 8704K, 0% used [0x00000000eb080000,0x00000000eb080000,0x00000000eb900000)
 ParOldGen       total 502784K, used 233719K [0x00000000c0000000, 0x00000000deb00000, 0x00000000eab00000)
  object space 502784K, 46% used [0x00000000c0000000,0x00000000ce43de10,0x00000000deb00000)
 Metaspace       used 98038K, committed 99328K, reserved 1179648K
  class space    used 9639K, committed 10240K, reserved 1048576K
}
Event: 3849.574 GC heap before
{Heap before GC invocations=36913 (full 380):
 PSYoungGen      total 7680K, used 7627K [0x00000000eab00000, 0x00000000ec700000, 0x0000000100000000)
  eden space 5632K, 99% used [0x00000000eab00000,0x00000000eb079750,0x00000000eb080000)
  from space 2048K, 98% used [0x00000000eb900000,0x00000000ebaf94e0,0x00000000ebb00000)
  to   space 8704K, 0% used [0x00000000eb080000,0x00000000eb080000,0x00000000eb900000)
 ParOldGen       total 502784K, used 233719K [0x00000000c0000000, 0x00000000deb00000, 0x00000000eab00000)
  object space 502784K, 46% used [0x00000000c0000000,0x00000000ce43de10,0x00000000deb00000)
 Metaspace       used 98038K, committed 99328K, reserved 1179648K
  class space    used 9639K, committed 10240K, reserved 1048576K
}
Event: 3849.577 GC heap after
{Heap after GC invocations=36913 (full 380):
 PSYoungGen      total 9216K, used 3375K [0x00000000eab00000, 0x00000000ebb80000, 0x0000000100000000)
  eden space 5632K, 0% used [0x00000000eab00000,0x00000000eab00000,0x00000000eb080000)
  from space 3584K, 94% used [0x00000000eb080000,0x00000000eb3cbd50,0x00000000eb400000)
  to   space 5120K, 0% used [0x00000000eb680000,0x00000000eb680000,0x00000000ebb80000)
 ParOldGen       total 502784K, used 234691K [0x00000000c0000000, 0x00000000deb00000, 0x00000000eab00000)
  object space 502784K, 46% used [0x00000000c0000000,0x00000000ce530e08,0x00000000deb00000)
 Metaspace       used 98038K, committed 99328K, reserved 1179648K
  class space    used 9639K, committed 10240K, reserved 1048576K
}
Event: 3849.583 GC heap before
{Heap before GC invocations=36914 (full 380):
 PSYoungGen      total 9216K, used 9007K [0x00000000eab00000, 0x00000000ebb80000, 0x0000000100000000)
  eden space 5632K, 100% used [0x00000000eab00000,0x00000000eb080000,0x00000000eb080000)
  from space 3584K, 94% used [0x00000000eb080000,0x00000000eb3cbd50,0x00000000eb400000)
  to   space 5120K, 0% used [0x00000000eb680000,0x00000000eb680000,0x00000000ebb80000)
 ParOldGen       total 502784K, used 234691K [0x00000000c0000000, 0x00000000deb00000, 0x00000000eab00000)
  object space 502784K, 46% used [0x00000000c0000000,0x00000000ce530e08,0x00000000deb00000)
 Metaspace       used 98038K, committed 99328K, reserved 1179648K
  class space    used 9639K, committed 10240K, reserved 1048576K
}

