# JRE version: OpenJDK Runtime Environment Temurin-17.0.7+7 (17.0.7+7) (build 17.0.7+7)
# Java VM: OpenJDK 64-Bit Server VM Temurin-17.0.7+7 (17.0.7+7, mixed mode, tiered, compressed oops, compressed class ptrs, parallel gc, windows-amd64)
GC Precious Log:
 CPUs: 12 total, 12 available
 Memory: 16334M
 Large Page Support: Disabled
 NUMA Support: Disabled
 Compressed Oops: Enabled (32-bit)
 Alignments: Space 512K, Generation 512K, Heap 2M
 Heap Min Capacity: 100M
 Heap Initial Capacity: 100M
 Heap Max Capacity: 1G
 Pre-touch: Disabled
 Parallel Workers: 10
Heap:
 PSYoungGen      total 28160K, used 18336K [0x00000000eab00000, 0x00000000ed300000, 0x0000000100000000)
  eden space 23552K, 58% used [0x00000000eab00000,0x00000000eb86fbd0,0x00000000ec200000)
  from space 4608K, 99% used [0x00000000ece80000,0x00000000ed2f8610,0x00000000ed300000)
  to   space 7168K, 0% used [0x00000000ec500000,0x00000000ec500000,0x00000000ecc00000)
 ParOldGen       total 369152K, used 322352K [0x00000000c0000000, 0x00000000d6880000, 0x00000000eab00000)
  object space 369152K, 87% used [0x00000000c0000000,0x00000000d3acc0a0,0x00000000d6880000)
 Metaspace       used 79675K, committed 81024K, reserved 1179648K
  class space    used 7909K, committed 8512K, reserved 1048576K
GC Heap History (20 events):
Event: 425.501 GC heap before
{Heap before GC invocations=8173 (full 148):
 PSYoungGen      total 13312K, used 13147K [0x00000000eab00000, 0x00000000ec000000, 0x0000000100000000)
  eden space 10240K, 99% used [0x00000000eab00000,0x00000000eb4fec50,0x00000000eb500000)
  from space 3072K, 94% used [0x00000000ebd00000,0x00000000ebfd8020,0x00000000ec000000)
  to   space 5120K, 0% used [0x00000000eb600000,0x00000000eb600000,0x00000000ebb00000)
 ParOldGen       total 369152K, used 260207K [0x00000000c0000000, 0x00000000d6880000, 0x00000000eab00000)
  object space 369152K, 70% used [0x00000000c0000000,0x00000000cfe1bf88,0x00000000d6880000)
 Metaspace       used 79498K, committed 80896K, reserved 1179648K
  class space    used 7877K, committed 8512K, reserved 1048576K
}
Event: 425.505 GC heap after
{Heap after GC invocations=8173 (full 148):
 PSYoungGen      total 16384K, used 5098K [0x00000000eab00000, 0x00000000ecc00000, 0x0000000100000000)
  eden space 11264K, 0% used [0x00000000eab00000,0x00000000eab00000,0x00000000eb600000)
  from space 5120K, 99% used [0x00000000eb600000,0x00000000ebafa9b8,0x00000000ebb00000)
  to   space 10752K, 0% used [0x00000000ec180000,0x00000000ec180000,0x00000000ecc00000)
 ParOldGen       total 369152K, used 264263K [0x00000000c0000000, 0x00000000d6880000, 0x00000000eab00000)
  object space 369152K, 71% used [0x00000000c0000000,0x00000000d0211c00,0x00000000d6880000)
 Metaspace       used 79498K, committed 80896K, reserved 1179648K
  class space    used 7877K, committed 8512K, reserved 1048576K
}
Event: 425.514 GC heap before
{Heap before GC invocations=8174 (full 148):
 PSYoungGen      total 16384K, used 16362K [0x00000000eab00000, 0x00000000ecc00000, 0x0000000100000000)
  eden space 11264K, 100% used [0x00000000eab00000,0x00000000eb600000,0x00000000eb600000)
  from space 5120K, 99% used [0x00000000eb600000,0x00000000ebafa9b8,0x00000000ebb00000)
  to   space 10752K, 0% used [0x00000000ec180000,0x00000000ec180000,0x00000000ecc00000)
 ParOldGen       total 369152K, used 264263K [0x00000000c0000000, 0x00000000d6880000, 0x00000000eab00000)
  object space 369152K, 71% used [0x00000000c0000000,0x00000000d0211c00,0x00000000d6880000)
 Metaspace       used 79498K, committed 80896K, reserved 1179648K
  class space    used 7877K, committed 8512K, reserved 1048576K
}
Event: 425.522 GC heap after
{Heap after GC invocations=8174 (full 148):
 PSYoungGen      total 23040K, used 8882K [0x00000000eab00000, 0x00000000eca80000, 0x0000000100000000)
  eden space 13824K, 0% used [0x00000000eab00000,0x00000000eab00000,0x00000000eb880000)
  from space 9216K, 96% used [0x00000000ec180000,0x00000000eca2c8e0,0x00000000eca80000)
  to   space 9216K, 0% used [0x00000000eb880000,0x00000000eb880000,0x00000000ec180000)
 ParOldGen       total 369152K, used 267450K [0x00000000c0000000, 0x00000000d6880000, 0x00000000eab00000)
  object space 369152K, 72% used [0x00000000c0000000,0x00000000d052ea70,0x00000000d6880000)
 Metaspace       used 79498K, committed 80896K, reserved 1179648K
  class space    used 7877K, committed 8512K, reserved 1048576K
}
Event: 425.539 GC heap before
{Heap before GC invocations=8175 (full 148):
 PSYoungGen      total 23040K, used 22706K [0x00000000eab00000, 0x00000000eca80000, 0x0000000100000000)
  eden space 13824K, 100% used [0x00000000eab00000,0x00000000eb880000,0x00000000eb880000)
  from space 9216K, 96% used [0x00000000ec180000,0x00000000eca2c8e0,0x00000000eca80000)
  to   space 9216K, 0% used [0x00000000eb880000,0x00000000eb880000,0x00000000ec180000)
 ParOldGen       total 369152K, used 267450K [0x00000000c0000000, 0x00000000d6880000, 0x00000000eab00000)
  object space 369152K, 72% used [0x00000000c0000000,0x00000000d052ea70,0x00000000d6880000)
 Metaspace       used 79498K, committed 80896K, reserved 1179648K
  class space    used 7877K, committed 8512K, reserved 1048576K
}
Event: 425.550 GC heap after
{Heap after GC invocations=8175 (full 148):
 PSYoungGen      total 23040K, used 9200K [0x00000000eab00000, 0x00000000ee580000, 0x0000000100000000)
  eden space 13824K, 0% used [0x00000000eab00000,0x00000000eab00000,0x00000000eb880000)
  from space 9216K, 99% used [0x00000000eb880000,0x00000000ec17c150,0x00000000ec180000)
  to   space 21504K, 0% used [0x00000000ed080000,0x00000000ed080000,0x00000000ee580000)
 ParOldGen       total 369152K, used 277684K [0x00000000c0000000, 0x00000000d6880000, 0x00000000eab00000)
  object space 369152K, 75% used [0x00000000c0000000,0x00000000d0f2d308,0x00000000d6880000)
 Metaspace       used 79498K, committed 80896K, reserved 1179648K
  class space    used 7877K, committed 8512K, reserved 1048576K
}
Event: 425.662 GC heap before
{Heap before GC invocations=8176 (full 148):
 PSYoungGen      total 23040K, used 22578K [0x00000000eab00000, 0x00000000ee580000, 0x0000000100000000)
  eden space 13824K, 96% used [0x00000000eab00000,0x00000000eb810800,0x00000000eb880000)
  from space 9216K, 99% used [0x00000000eb880000,0x00000000ec17c150,0x00000000ec180000)
  to   space 21504K, 0% used [0x00000000ed080000,0x00000000ed080000,0x00000000ee580000)
 ParOldGen       total 369152K, used 277684K [0x00000000c0000000, 0x00000000d6880000, 0x00000000eab00000)
  object space 369152K, 75% used [0x00000000c0000000,0x00000000d0f2d308,0x00000000d6880000)
 Metaspace       used 79498K, committed 80896K, reserved 1179648K
  class space    used 7877K, committed 8512K, reserved 1048576K
}
Event: 425.678 GC heap after
{Heap after GC invocations=8176 (full 148):
 PSYoungGen      total 28672K, used 11338K [0x00000000eab00000, 0x00000000edc00000, 0x0000000100000000)
  eden space 16896K, 0% used [0x00000000eab00000,0x00000000eab00000,0x00000000ebb80000)
  from space 11776K, 96% used [0x00000000ed080000,0x00000000edb92b08,0x00000000edc00000)
  to   space 14336K, 0% used [0x00000000ec000000,0x00000000ec000000,0x00000000ece00000)
 ParOldGen       total 369152K, used 286981K [0x00000000c0000000, 0x00000000d6880000, 0x00000000eab00000)
  object space 369152K, 77% used [0x00000000c0000000,0x00000000d1841688,0x00000000d6880000)
 Metaspace       used 79498K, committed 80896K, reserved 1179648K
  class space    used 7877K, committed 8512K, reserved 1048576K
}
Event: 426.229 GC heap before
{Heap before GC invocations=8177 (full 148):
 PSYoungGen      total 28672K, used 28234K [0x00000000eab00000, 0x00000000edc00000, 0x0000000100000000)
  eden space 16896K, 100% used [0x00000000eab00000,0x00000000ebb80000,0x00000000ebb80000)
  from space 11776K, 96% used [0x00000000ed080000,0x00000000edb92b08,0x00000000edc00000)
  to   space 14336K, 0% used [0x00000000ec000000,0x00000000ec000000,0x00000000ece00000)
 ParOldGen       total 369152K, used 286981K [0x00000000c0000000, 0x00000000d6880000, 0x00000000eab00000)
  object space 369152K, 77% used [0x00000000c0000000,0x00000000d1841688,0x00000000d6880000)
 Metaspace       used 79498K, committed 80896K, reserved 1179648K
  class space    used 7877K, committed 8512K, reserved 1048576K
}
Event: 426.242 GC heap after
{Heap after GC invocations=8177 (full 148):
 PSYoungGen      total 33792K, used 13744K [0x00000000eab00000, 0x00000000eda80000, 0x0000000100000000)
  eden space 19968K, 0% used [0x00000000eab00000,0x00000000eab00000,0x00000000ebe80000)
  from space 13824K, 99% used [0x00000000ec000000,0x00000000ecd6c308,0x00000000ecd80000)
  to   space 13312K, 0% used [0x00000000ecd80000,0x00000000ecd80000,0x00000000eda80000)
 ParOldGen       total 369152K, used 298200K [0x00000000c0000000, 0x00000000d6880000, 0x00000000eab00000)
  object space 369152K, 80% used [0x00000000c0000000,0x00000000d2336190,0x00000000d6880000)
 Metaspace       used 79498K, committed 80896K, reserved 1179648K
  class space    used 7877K, committed 8512K, reserved 1048576K
}
Event: 426.664 GC heap before
{Heap before GC invocations=8178 (full 148):
 PSYoungGen      total 33792K, used 33712K [0x00000000eab00000, 0x00000000eda80000, 0x0000000100000000)
  eden space 19968K, 100% used [0x00000000eab00000,0x00000000ebe80000,0x00000000ebe80000)
  from space 13824K, 99% used [0x00000000ec000000,0x00000000ecd6c308,0x00000000ecd80000)
  to   space 13312K, 0% used [0x00000000ecd80000,0x00000000ecd80000,0x00000000eda80000)
 ParOldGen       total 369152K, used 298200K [0x00000000c0000000, 0x00000000d6880000, 0x00000000eab00000)
  object space 369152K, 80% used [0x00000000c0000000,0x00000000d2336190,0x00000000d6880000)
 Metaspace       used 79547K, committed 80896K, reserved 1179648K
  class space    used 7883K, committed 8512K, reserved 1048576K
}
Event: 426.678 GC heap after
{Heap after GC invocations=8178 (full 148):
 PSYoungGen      total 32256K, used 7509K [0x00000000eab00000, 0x00000000ed600000, 0x0000000100000000)
  eden space 23552K, 0% used [0x00000000eab00000,0x00000000eab00000,0x00000000ec200000)
  from space 8704K, 86% used [0x00000000ecd80000,0x00000000ed4d5450,0x00000000ed600000)
  to   space 10240K, 0% used [0x00000000ec200000,0x00000000ec200000,0x00000000ecc00000)
 ParOldGen       total 369152K, used 311897K [0x00000000c0000000, 0x00000000d6880000, 0x00000000eab00000)
  object space 369152K, 84% used [0x00000000c0000000,0x00000000d3096498,0x00000000d6880000)
 Metaspace       used 79547K, committed 80896K, reserved 1179648K
  class space    used 7883K, committed 8512K, reserved 1048576K
}
Event: 427.386 GC heap before
{Heap before GC invocations=8179 (full 148):
 PSYoungGen      total 32256K, used 30250K [0x00000000eab00000, 0x00000000ed600000, 0x0000000100000000)
  eden space 23552K, 96% used [0x00000000eab00000,0x00000000ec135440,0x00000000ec200000)
  from space 8704K, 86% used [0x00000000ecd80000,0x00000000ed4d5450,0x00000000ed600000)
  to   space 10240K, 0% used [0x00000000ec200000,0x00000000ec200000,0x00000000ecc00000)
 ParOldGen       total 369152K, used 311897K [0x00000000c0000000, 0x00000000d6880000, 0x00000000eab00000)
  object space 369152K, 84% used [0x00000000c0000000,0x00000000d3096498,0x00000000d6880000)
 Metaspace       used 79670K, committed 81024K, reserved 1179648K
  class space    used 7908K, committed 8512K, reserved 1048576K
}
Event: 427.390 GC heap after
{Heap after GC invocations=8179 (full 148):
 PSYoungGen      total 25088K, used 1332K [0x00000000eab00000, 0x00000000ece00000, 0x0000000100000000)
  eden space 23552K, 0% used [0x00000000eab00000,0x00000000eab00000,0x00000000ec200000)
  from space 1536K, 86% used [0x00000000ec200000,0x00000000ec34d1c0,0x00000000ec380000)
  to   space 4096K, 0% used [0x00000000eca00000,0x00000000eca00000,0x00000000ece00000)
 ParOldGen       total 369152K, used 316199K [0x00000000c0000000, 0x00000000d6880000, 0x00000000eab00000)
  object space 369152K, 85% used [0x00000000c0000000,0x00000000d34c9df8,0x00000000d6880000)
 Metaspace       used 79670K, committed 81024K, reserved 1179648K
  class space    used 7908K, committed 8512K, reserved 1048576K
}
Event: 427.421 GC heap before
{Heap before GC invocations=8180 (full 148):
 PSYoungGen      total 25088K, used 24884K [0x00000000eab00000, 0x00000000ece00000, 0x0000000100000000)
  eden space 23552K, 100% used [0x00000000eab00000,0x00000000ec200000,0x00000000ec200000)
  from space 1536K, 86% used [0x00000000ec200000,0x00000000ec34d1c0,0x00000000ec380000)
  to   space 4096K, 0% used [0x00000000eca00000,0x00000000eca00000,0x00000000ece00000)
 ParOldGen       total 369152K, used 316199K [0x00000000c0000000, 0x00000000d6880000, 0x00000000eab00000)
  object space 369152K, 85% used [0x00000000c0000000,0x00000000d34c9df8,0x00000000d6880000)
 Metaspace       used 79672K, committed 81024K, reserved 1179648K
  class space    used 7908K, committed 8512K, reserved 1048576K
}
Event: 427.424 GC heap after
{Heap after GC invocations=8180 (full 148):
 PSYoungGen      total 27648K, used 4064K [0x00000000eab00000, 0x00000000ed000000, 0x0000000100000000)
  eden space 23552K, 0% used [0x00000000eab00000,0x00000000eab00000,0x00000000ec200000)
  from space 4096K, 99% used [0x00000000eca00000,0x00000000ecdf8018,0x00000000ece00000)
  to   space 7168K, 0% used [0x00000000ec200000,0x00000000ec200000,0x00000000ec900000)
 ParOldGen       total 369152K, used 318180K [0x00000000c0000000, 0x00000000d6880000, 0x00000000eab00000)
  object space 369152K, 86% used [0x00000000c0000000,0x00000000d36b9170,0x00000000d6880000)
 Metaspace       used 79672K, committed 81024K, reserved 1179648K
  class space    used 7908K, committed 8512K, reserved 1048576K
}
Event: 427.490 GC heap before
{Heap before GC invocations=8181 (full 148):
 PSYoungGen      total 27648K, used 27616K [0x00000000eab00000, 0x00000000ed000000, 0x0000000100000000)
  eden space 23552K, 100% used [0x00000000eab00000,0x00000000ec200000,0x00000000ec200000)
  from space 4096K, 99% used [0x00000000eca00000,0x00000000ecdf8018,0x00000000ece00000)
  to   space 7168K, 0% used [0x00000000ec200000,0x00000000ec200000,0x00000000ec900000)
 ParOldGen       total 369152K, used 318180K [0x00000000c0000000, 0x00000000d6880000, 0x00000000eab00000)
  object space 369152K, 86% used [0x00000000c0000000,0x00000000d36b9170,0x00000000d6880000)
 Metaspace       used 79672K, committed 81024K, reserved 1179648K
  class space    used 7908K, committed 8512K, reserved 1048576K
}
Event: 427.497 GC heap after
{Heap after GC invocations=8181 (full 148):
 PSYoungGen      total 30720K, used 7154K [0x00000000eab00000, 0x00000000edb00000, 0x0000000100000000)
  eden space 23552K, 0% used [0x00000000eab00000,0x00000000eab00000,0x00000000ec200000)
  from space 7168K, 99% used [0x00000000ec200000,0x00000000ec8fc8c0,0x00000000ec900000)
  to   space 12800K, 0% used [0x00000000ece80000,0x00000000ece80000,0x00000000edb00000)
 ParOldGen       total 369152K, used 322304K [0x00000000c0000000, 0x00000000d6880000, 0x00000000eab00000)
  object space 369152K, 87% used [0x00000000c0000000,0x00000000d3ac00a0,0x00000000d6880000)
 Metaspace       used 79672K, committed 81024K, reserved 1179648K
  class space    used 7908K, committed 8512K, reserved 1048576K
}
Event: 427.629 GC heap before
{Heap before GC invocations=8182 (full 148):
 PSYoungGen      total 30720K, used 30706K [0x00000000eab00000, 0x00000000edb00000, 0x0000000100000000)
  eden space 23552K, 100% used [0x00000000eab00000,0x00000000ec200000,0x00000000ec200000)
  from space 7168K, 99% used [0x00000000ec200000,0x00000000ec8fc8c0,0x00000000ec900000)
  to   space 12800K, 0% used [0x00000000ece80000,0x00000000ece80000,0x00000000edb00000)
 ParOldGen       total 369152K, used 322304K [0x00000000c0000000, 0x00000000d6880000, 0x00000000eab00000)
  object space 369152K, 87% used [0x00000000c0000000,0x00000000d3ac00a0,0x00000000d6880000)
 Metaspace       used 79672K, committed 81024K, reserved 1179648K
  class space    used 7908K, committed 8512K, reserved 1048576K
}
Event: 427.633 GC heap after
{Heap after GC invocations=8182 (full 148):
 PSYoungGen      total 28160K, used 4577K [0x00000000eab00000, 0x00000000ed300000, 0x0000000100000000)
  eden space 23552K, 0% used [0x00000000eab00000,0x00000000eab00000,0x00000000ec200000)
  from space 4608K, 99% used [0x00000000ece80000,0x00000000ed2f8610,0x00000000ed300000)
  to   space 7168K, 0% used [0x00000000ec500000,0x00000000ec500000,0x00000000ecc00000)
 ParOldGen       total 369152K, used 322352K [0x00000000c0000000, 0x00000000d6880000, 0x00000000eab00000)
  object space 369152K, 87% used [0x00000000c0000000,0x00000000d3acc0a0,0x00000000d6880000)
 Metaspace       used 79672K, committed 81024K, reserved 1179648K
  class space    used 7908K, committed 8512K, reserved 1048576K
}

