# JRE version: OpenJDK Runtime Environment Temurin-17.0.7+7 (17.0.7+7) (build 17.0.7+7)
# Java VM: OpenJDK 64-Bit Server VM Temurin-17.0.7+7 (17.0.7+7, mixed mode, tiered, compressed oops, compressed class ptrs, parallel gc, windows-amd64)
GC Precious Log:
 CPUs: 12 total, 12 available
 Memory: 16334M
 Large Page Support: Disabled
 NUMA Support: Disabled
 Compressed Oops: Enabled (32-bit)
 Alignments: Space 512K, Generation 512K, Heap 2M
 Heap Min Capacity: 100M
 Heap Initial Capacity: 100M
 Heap Max Capacity: 1G
 Pre-touch: Disabled
 Parallel Workers: 10
Heap:
 PSYoungGen      total 46592K, used 44170K [0x00000000eab00000, 0x00000000ee780000, 0x0000000100000000)
  eden space 46080K, 95% used [0x00000000eab00000,0x00000000ed5faa70,0x00000000ed800000)
  from space 512K, 31% used [0x00000000ee700000,0x00000000ee728000,0x00000000ee780000)
  to   space 512K, 0% used [0x00000000ee680000,0x00000000ee680000,0x00000000ee700000)
 ParOldGen       total 310784K, used 264822K [0x00000000c0000000, 0x00000000d2f80000, 0x00000000eab00000)
  object space 310784K, 85% used [0x00000000c0000000,0x00000000d029d870,0x00000000d2f80000)
 Metaspace       used 81948K, committed 83264K, reserved 1179648K
  class space    used 8318K, committed 8896K, reserved 1048576K
GC Heap History (20 events):
Event: 222.980 GC heap before
{Heap before GC invocations=3660 (full 63):
 PSYoungGen      total 50176K, used 49661K [0x00000000eab00000, 0x00000000ee780000, 0x0000000100000000)
  eden space 49664K, 99% used [0x00000000eab00000,0x00000000edb5f5b0,0x00000000edb80000)
  from space 512K, 25% used [0x00000000ee700000,0x00000000ee720000,0x00000000ee780000)
  to   space 512K, 0% used [0x00000000ee680000,0x00000000ee680000,0x00000000ee700000)
 ParOldGen       total 310784K, used 258584K [0x00000000c0000000, 0x00000000d2f80000, 0x00000000eab00000)
  object space 310784K, 83% used [0x00000000c0000000,0x00000000cfc861d0,0x00000000d2f80000)
 Metaspace       used 81948K, committed 83264K, reserved 1179648K
  class space    used 8318K, committed 8896K, reserved 1048576K
}
Event: 222.981 GC heap after
{Heap after GC invocations=3660 (full 63):
 PSYoungGen      total 49664K, used 128K [0x00000000eab00000, 0x00000000ee780000, 0x0000000100000000)
  eden space 49152K, 0% used [0x00000000eab00000,0x00000000eab00000,0x00000000edb00000)
  from space 512K, 25% used [0x00000000ee680000,0x00000000ee6a0000,0x00000000ee700000)
  to   space 512K, 0% used [0x00000000ee700000,0x00000000ee700000,0x00000000ee780000)
 ParOldGen       total 310784K, used 258584K [0x00000000c0000000, 0x00000000d2f80000, 0x00000000eab00000)
  object space 310784K, 83% used [0x00000000c0000000,0x00000000cfc861d0,0x00000000d2f80000)
 Metaspace       used 81948K, committed 83264K, reserved 1179648K
  class space    used 8318K, committed 8896K, reserved 1048576K
}
Event: 222.994 GC heap before
{Heap before GC invocations=3661 (full 63):
 PSYoungGen      total 49664K, used 48525K [0x00000000eab00000, 0x00000000ee780000, 0x0000000100000000)
  eden space 49152K, 98% used [0x00000000eab00000,0x00000000eda43728,0x00000000edb00000)
  from space 512K, 25% used [0x00000000ee680000,0x00000000ee6a0000,0x00000000ee700000)
  to   space 512K, 0% used [0x00000000ee700000,0x00000000ee700000,0x00000000ee780000)
 ParOldGen       total 310784K, used 258584K [0x00000000c0000000, 0x00000000d2f80000, 0x00000000eab00000)
  object space 310784K, 83% used [0x00000000c0000000,0x00000000cfc861d0,0x00000000d2f80000)
 Metaspace       used 81948K, committed 83264K, reserved 1179648K
  class space    used 8318K, committed 8896K, reserved 1048576K
}
Event: 222.995 GC heap after
{Heap after GC invocations=3661 (full 63):
 PSYoungGen      total 49152K, used 128K [0x00000000eab00000, 0x00000000ee780000, 0x0000000100000000)
  eden space 48640K, 0% used [0x00000000eab00000,0x00000000eab00000,0x00000000eda80000)
  from space 512K, 25% used [0x00000000ee700000,0x00000000ee720000,0x00000000ee780000)
  to   space 512K, 0% used [0x00000000ee680000,0x00000000ee680000,0x00000000ee700000)
 ParOldGen       total 310784K, used 259624K [0x00000000c0000000, 0x00000000d2f80000, 0x00000000eab00000)
  object space 310784K, 83% used [0x00000000c0000000,0x00000000cfd8a040,0x00000000d2f80000)
 Metaspace       used 81948K, committed 83264K, reserved 1179648K
  class space    used 8318K, committed 8896K, reserved 1048576K
}
Event: 223.008 GC heap before
{Heap before GC invocations=3662 (full 63):
 PSYoungGen      total 49152K, used 47971K [0x00000000eab00000, 0x00000000ee780000, 0x0000000100000000)
  eden space 48640K, 98% used [0x00000000eab00000,0x00000000ed9b8e30,0x00000000eda80000)
  from space 512K, 25% used [0x00000000ee700000,0x00000000ee720000,0x00000000ee780000)
  to   space 512K, 0% used [0x00000000ee680000,0x00000000ee680000,0x00000000ee700000)
 ParOldGen       total 310784K, used 259624K [0x00000000c0000000, 0x00000000d2f80000, 0x00000000eab00000)
  object space 310784K, 83% used [0x00000000c0000000,0x00000000cfd8a040,0x00000000d2f80000)
 Metaspace       used 81948K, committed 83264K, reserved 1179648K
  class space    used 8318K, committed 8896K, reserved 1048576K
}
Event: 223.008 GC heap after
{Heap after GC invocations=3662 (full 63):
 PSYoungGen      total 48640K, used 160K [0x00000000eab00000, 0x00000000ee780000, 0x0000000100000000)
  eden space 48128K, 0% used [0x00000000eab00000,0x00000000eab00000,0x00000000eda00000)
  from space 512K, 31% used [0x00000000ee680000,0x00000000ee6a8000,0x00000000ee700000)
  to   space 512K, 0% used [0x00000000ee700000,0x00000000ee700000,0x00000000ee780000)
 ParOldGen       total 310784K, used 259624K [0x00000000c0000000, 0x00000000d2f80000, 0x00000000eab00000)
  object space 310784K, 83% used [0x00000000c0000000,0x00000000cfd8a040,0x00000000d2f80000)
 Metaspace       used 81948K, committed 83264K, reserved 1179648K
  class space    used 8318K, committed 8896K, reserved 1048576K
}
Event: 223.021 GC heap before
{Heap before GC invocations=3663 (full 63):
 PSYoungGen      total 48640K, used 47991K [0x00000000eab00000, 0x00000000ee780000, 0x0000000100000000)
  eden space 48128K, 99% used [0x00000000eab00000,0x00000000ed9b5ec0,0x00000000eda00000)
  from space 512K, 31% used [0x00000000ee680000,0x00000000ee6a8000,0x00000000ee700000)
  to   space 512K, 0% used [0x00000000ee700000,0x00000000ee700000,0x00000000ee780000)
 ParOldGen       total 310784K, used 259624K [0x00000000c0000000, 0x00000000d2f80000, 0x00000000eab00000)
  object space 310784K, 83% used [0x00000000c0000000,0x00000000cfd8a040,0x00000000d2f80000)
 Metaspace       used 81948K, committed 83264K, reserved 1179648K
  class space    used 8318K, committed 8896K, reserved 1048576K
}
Event: 223.022 GC heap after
{Heap after GC invocations=3663 (full 63):
 PSYoungGen      total 48128K, used 128K [0x00000000eab00000, 0x00000000ee780000, 0x0000000100000000)
  eden space 47616K, 0% used [0x00000000eab00000,0x00000000eab00000,0x00000000ed980000)
  from space 512K, 25% used [0x00000000ee700000,0x00000000ee720000,0x00000000ee780000)
  to   space 512K, 0% used [0x00000000ee680000,0x00000000ee680000,0x00000000ee700000)
 ParOldGen       total 310784K, used 260663K [0x00000000c0000000, 0x00000000d2f80000, 0x00000000eab00000)
  object space 310784K, 83% used [0x00000000c0000000,0x00000000cfe8deb0,0x00000000d2f80000)
 Metaspace       used 81948K, committed 83264K, reserved 1179648K
  class space    used 8318K, committed 8896K, reserved 1048576K
}
Event: 223.035 GC heap before
{Heap before GC invocations=3664 (full 63):
 PSYoungGen      total 48128K, used 47347K [0x00000000eab00000, 0x00000000ee780000, 0x0000000100000000)
  eden space 47616K, 99% used [0x00000000eab00000,0x00000000ed91cd40,0x00000000ed980000)
  from space 512K, 25% used [0x00000000ee700000,0x00000000ee720000,0x00000000ee780000)
  to   space 512K, 0% used [0x00000000ee680000,0x00000000ee680000,0x00000000ee700000)
 ParOldGen       total 310784K, used 260663K [0x00000000c0000000, 0x00000000d2f80000, 0x00000000eab00000)
  object space 310784K, 83% used [0x00000000c0000000,0x00000000cfe8deb0,0x00000000d2f80000)
 Metaspace       used 81948K, committed 83264K, reserved 1179648K
  class space    used 8318K, committed 8896K, reserved 1048576K
}
Event: 223.036 GC heap after
{Heap after GC invocations=3664 (full 63):
 PSYoungGen      total 47616K, used 160K [0x00000000eab00000, 0x00000000ee780000, 0x0000000100000000)
  eden space 47104K, 0% used [0x00000000eab00000,0x00000000eab00000,0x00000000ed900000)
  from space 512K, 31% used [0x00000000ee680000,0x00000000ee6a8000,0x00000000ee700000)
  to   space 512K, 0% used [0x00000000ee700000,0x00000000ee700000,0x00000000ee780000)
 ParOldGen       total 310784K, used 261703K [0x00000000c0000000, 0x00000000d2f80000, 0x00000000eab00000)
  object space 310784K, 84% used [0x00000000c0000000,0x00000000cff91d20,0x00000000d2f80000)
 Metaspace       used 81948K, committed 83264K, reserved 1179648K
  class space    used 8318K, committed 8896K, reserved 1048576K
}
Event: 223.049 GC heap before
{Heap before GC invocations=3665 (full 63):
 PSYoungGen      total 47616K, used 46811K [0x00000000eab00000, 0x00000000ee780000, 0x0000000100000000)
  eden space 47104K, 99% used [0x00000000eab00000,0x00000000ed88ecc8,0x00000000ed900000)
  from space 512K, 31% used [0x00000000ee680000,0x00000000ee6a8000,0x00000000ee700000)
  to   space 512K, 0% used [0x00000000ee700000,0x00000000ee700000,0x00000000ee780000)
 ParOldGen       total 310784K, used 261703K [0x00000000c0000000, 0x00000000d2f80000, 0x00000000eab00000)
  object space 310784K, 84% used [0x00000000c0000000,0x00000000cff91d20,0x00000000d2f80000)
 Metaspace       used 81948K, committed 83264K, reserved 1179648K
  class space    used 8318K, committed 8896K, reserved 1048576K
}
Event: 223.050 GC heap after
{Heap after GC invocations=3665 (full 63):
 PSYoungGen      total 47104K, used 128K [0x00000000eab00000, 0x00000000ee780000, 0x0000000100000000)
  eden space 46592K, 0% used [0x00000000eab00000,0x00000000eab00000,0x00000000ed880000)
  from space 512K, 25% used [0x00000000ee700000,0x00000000ee720000,0x00000000ee780000)
  to   space 512K, 0% used [0x00000000ee680000,0x00000000ee680000,0x00000000ee700000)
 ParOldGen       total 310784K, used 262742K [0x00000000c0000000, 0x00000000d2f80000, 0x00000000eab00000)
  object space 310784K, 84% used [0x00000000c0000000,0x00000000d0095b90,0x00000000d2f80000)
 Metaspace       used 81948K, committed 83264K, reserved 1179648K
  class space    used 8318K, committed 8896K, reserved 1048576K
}
Event: 223.062 GC heap before
{Heap before GC invocations=3666 (full 63):
 PSYoungGen      total 47104K, used 46216K [0x00000000eab00000, 0x00000000ee780000, 0x0000000100000000)
  eden space 46592K, 98% used [0x00000000eab00000,0x00000000ed802318,0x00000000ed880000)
  from space 512K, 25% used [0x00000000ee700000,0x00000000ee720000,0x00000000ee780000)
  to   space 512K, 0% used [0x00000000ee680000,0x00000000ee680000,0x00000000ee700000)
 ParOldGen       total 310784K, used 262742K [0x00000000c0000000, 0x00000000d2f80000, 0x00000000eab00000)
  object space 310784K, 84% used [0x00000000c0000000,0x00000000d0095b90,0x00000000d2f80000)
 Metaspace       used 81948K, committed 83264K, reserved 1179648K
  class space    used 8318K, committed 8896K, reserved 1048576K
}
Event: 223.063 GC heap after
{Heap after GC invocations=3666 (full 63):
 PSYoungGen      total 46592K, used 160K [0x00000000eab00000, 0x00000000ee780000, 0x0000000100000000)
  eden space 46080K, 0% used [0x00000000eab00000,0x00000000eab00000,0x00000000ed800000)
  from space 512K, 31% used [0x00000000ee680000,0x00000000ee6a8000,0x00000000ee700000)
  to   space 512K, 0% used [0x00000000ee700000,0x00000000ee700000,0x00000000ee780000)
 ParOldGen       total 310784K, used 263782K [0x00000000c0000000, 0x00000000d2f80000, 0x00000000eab00000)
  object space 310784K, 84% used [0x00000000c0000000,0x00000000d0199a00,0x00000000d2f80000)
 Metaspace       used 81948K, committed 83264K, reserved 1179648K
  class space    used 8318K, committed 8896K, reserved 1048576K
}
Event: 223.076 GC heap before
{Heap before GC invocations=3667 (full 63):
 PSYoungGen      total 46592K, used 45685K [0x00000000eab00000, 0x00000000ee780000, 0x0000000100000000)
  eden space 46080K, 98% used [0x00000000eab00000,0x00000000ed775608,0x00000000ed800000)
  from space 512K, 31% used [0x00000000ee680000,0x00000000ee6a8000,0x00000000ee700000)
  to   space 512K, 0% used [0x00000000ee700000,0x00000000ee700000,0x00000000ee780000)
 ParOldGen       total 310784K, used 263782K [0x00000000c0000000, 0x00000000d2f80000, 0x00000000eab00000)
  object space 310784K, 84% used [0x00000000c0000000,0x00000000d0199a00,0x00000000d2f80000)
 Metaspace       used 81948K, committed 83264K, reserved 1179648K
  class space    used 8318K, committed 8896K, reserved 1048576K
}
Event: 223.077 GC heap after
{Heap after GC invocations=3667 (full 63):
 PSYoungGen      total 46592K, used 192K [0x00000000eab00000, 0x00000000ee780000, 0x0000000100000000)
  eden space 46080K, 0% used [0x00000000eab00000,0x00000000eab00000,0x00000000ed800000)
  from space 512K, 37% used [0x00000000ee700000,0x00000000ee730000,0x00000000ee780000)
  to   space 512K, 0% used [0x00000000ee680000,0x00000000ee680000,0x00000000ee700000)
 ParOldGen       total 310784K, used 263782K [0x00000000c0000000, 0x00000000d2f80000, 0x00000000eab00000)
  object space 310784K, 84% used [0x00000000c0000000,0x00000000d0199a00,0x00000000d2f80000)
 Metaspace       used 81948K, committed 83264K, reserved 1179648K
  class space    used 8318K, committed 8896K, reserved 1048576K
}
Event: 223.088 GC heap before
{Heap before GC invocations=3668 (full 63):
 PSYoungGen      total 46592K, used 45750K [0x00000000eab00000, 0x00000000ee780000, 0x0000000100000000)
  eden space 46080K, 98% used [0x00000000eab00000,0x00000000ed77db98,0x00000000ed800000)
  from space 512K, 37% used [0x00000000ee700000,0x00000000ee730000,0x00000000ee780000)
  to   space 512K, 0% used [0x00000000ee680000,0x00000000ee680000,0x00000000ee700000)
 ParOldGen       total 310784K, used 263782K [0x00000000c0000000, 0x00000000d2f80000, 0x00000000eab00000)
  object space 310784K, 84% used [0x00000000c0000000,0x00000000d0199a00,0x00000000d2f80000)
 Metaspace       used 81948K, committed 83264K, reserved 1179648K
  class space    used 8318K, committed 8896K, reserved 1048576K
}
Event: 223.089 GC heap after
{Heap after GC invocations=3668 (full 63):
 PSYoungGen      total 46592K, used 96K [0x00000000eab00000, 0x00000000ee780000, 0x0000000100000000)
  eden space 46080K, 0% used [0x00000000eab00000,0x00000000eab00000,0x00000000ed800000)
  from space 512K, 18% used [0x00000000ee680000,0x00000000ee698000,0x00000000ee700000)
  to   space 512K, 0% used [0x00000000ee700000,0x00000000ee700000,0x00000000ee780000)
 ParOldGen       total 310784K, used 264822K [0x00000000c0000000, 0x00000000d2f80000, 0x00000000eab00000)
  object space 310784K, 85% used [0x00000000c0000000,0x00000000d029d870,0x00000000d2f80000)
 Metaspace       used 81948K, committed 83264K, reserved 1179648K
  class space    used 8318K, committed 8896K, reserved 1048576K
}
Event: 223.101 GC heap before
{Heap before GC invocations=3669 (full 63):
 PSYoungGen      total 46592K, used 45146K [0x00000000eab00000, 0x00000000ee780000, 0x0000000100000000)
  eden space 46080K, 97% used [0x00000000eab00000,0x00000000ed6fe838,0x00000000ed800000)
  from space 512K, 18% used [0x00000000ee680000,0x00000000ee698000,0x00000000ee700000)
  to   space 512K, 0% used [0x00000000ee700000,0x00000000ee700000,0x00000000ee780000)
 ParOldGen       total 310784K, used 264822K [0x00000000c0000000, 0x00000000d2f80000, 0x00000000eab00000)
  object space 310784K, 85% used [0x00000000c0000000,0x00000000d029d870,0x00000000d2f80000)
 Metaspace       used 81948K, committed 83264K, reserved 1179648K
  class space    used 8318K, committed 8896K, reserved 1048576K
}
Event: 223.102 GC heap after
{Heap after GC invocations=3669 (full 63):
 PSYoungGen      total 46592K, used 160K [0x00000000eab00000, 0x00000000ee780000, 0x0000000100000000)
  eden space 46080K, 0% used [0x00000000eab00000,0x00000000eab00000,0x00000000ed800000)
  from space 512K, 31% used [0x00000000ee700000,0x00000000ee728000,0x00000000ee780000)
  to   space 512K, 0% used [0x00000000ee680000,0x00000000ee680000,0x00000000ee700000)
 ParOldGen       total 310784K, used 264822K [0x00000000c0000000, 0x00000000d2f80000, 0x00000000eab00000)
  object space 310784K, 85% used [0x00000000c0000000,0x00000000d029d870,0x00000000d2f80000)
 Metaspace       used 81948K, committed 83264K, reserved 1179648K
  class space    used 8318K, committed 8896K, reserved 1048576K
}

