# JRE version: OpenJDK Runtime Environment Temurin-17.0.7+7 (17.0.7+7) (build 17.0.7+7)
# Java VM: OpenJDK 64-Bit Server VM Temurin-17.0.7+7 (17.0.7+7, mixed mode, tiered, compressed oops, compressed class ptrs, parallel gc, windows-amd64)
GC Precious Log:
 CPUs: 12 total, 12 available
 Memory: 16334M
 Large Page Support: Disabled
 NUMA Support: Disabled
 Compressed Oops: Enabled (32-bit)
 Alignments: Space 512K, Generation 512K, Heap 2M
 Heap Min Capacity: 100M
 Heap Initial Capacity: 100M
 Heap Max Capacity: 1G
 Pre-touch: Disabled
 Parallel Workers: 10
Heap:
 PSYoungGen      total 14848K, used 14645K [0x00000000eab00000, 0x00000000ec280000, 0x0000000100000000)
  eden space 9216K, 100% used [0x00000000eab00000,0x00000000eb400000,0x00000000eb400000)
  from space 5632K, 96% used [0x00000000ebd00000,0x00000000ec24d470,0x00000000ec280000)
  to   space 6656K, 34% used [0x00000000eb580000,0x00000000eb7bea90,0x00000000ebc00000)
 ParOldGen       total 380928K, used 298903K [0x00000000c0000000, 0x00000000d7400000, 0x00000000eab00000)
  object space 380928K, 78% used [0x00000000c0000000,0x00000000d23e5d28,0x00000000d7400000)
 Metaspace       used 101310K, committed 102784K, reserved 1179648K
  class space    used 10104K, committed 10688K, reserved 1048576K
GC Heap History (20 events):
Event: 3309.203 GC heap after
{Heap after GC invocations=13242 (full 186):
 PSYoungGen      total 8192K, used 3054K [0x00000000eab00000, 0x00000000ebe00000, 0x0000000100000000)
  eden space 5120K, 0% used [0x00000000eab00000,0x00000000eab00000,0x00000000eb000000)
  from space 3072K, 99% used [0x00000000eb000000,0x00000000eb2fbb10,0x00000000eb300000)
  to   space 6656K, 0% used [0x00000000eb780000,0x00000000eb780000,0x00000000ebe00000)
 ParOldGen       total 380928K, used 275570K [0x00000000c0000000, 0x00000000d7400000, 0x00000000eab00000)
  object space 380928K, 72% used [0x00000000c0000000,0x00000000d0d1cb80,0x00000000d7400000)
 Metaspace       used 101310K, committed 102784K, reserved 1179648K
  class space    used 10104K, committed 10688K, reserved 1048576K
}
Event: 3309.230 GC heap before
{Heap before GC invocations=13243 (full 186):
 PSYoungGen      total 8192K, used 8072K [0x00000000eab00000, 0x00000000ebe00000, 0x0000000100000000)
  eden space 5120K, 97% used [0x00000000eab00000,0x00000000eafe65a0,0x00000000eb000000)
  from space 3072K, 99% used [0x00000000eb000000,0x00000000eb2fbb10,0x00000000eb300000)
  to   space 6656K, 0% used [0x00000000eb780000,0x00000000eb780000,0x00000000ebe00000)
 ParOldGen       total 380928K, used 275570K [0x00000000c0000000, 0x00000000d7400000, 0x00000000eab00000)
  object space 380928K, 72% used [0x00000000c0000000,0x00000000d0d1cb80,0x00000000d7400000)
 Metaspace       used 101310K, committed 102784K, reserved 1179648K
  class space    used 10104K, committed 10688K, reserved 1048576K
}
Event: 3309.233 GC heap after
{Heap after GC invocations=13243 (full 186):
 PSYoungGen      total 8192K, used 2016K [0x00000000eab00000, 0x00000000eb980000, 0x0000000100000000)
  eden space 6144K, 0% used [0x00000000eab00000,0x00000000eab00000,0x00000000eb100000)
  from space 2048K, 98% used [0x00000000eb780000,0x00000000eb978010,0x00000000eb980000)
  to   space 3584K, 0% used [0x00000000eb280000,0x00000000eb280000,0x00000000eb600000)
 ParOldGen       total 380928K, used 277890K [0x00000000c0000000, 0x00000000d7400000, 0x00000000eab00000)
  object space 380928K, 72% used [0x00000000c0000000,0x00000000d0f60a60,0x00000000d7400000)
 Metaspace       used 101310K, committed 102784K, reserved 1179648K
  class space    used 10104K, committed 10688K, reserved 1048576K
}
Event: 3309.241 GC heap before
{Heap before GC invocations=13244 (full 186):
 PSYoungGen      total 8192K, used 8160K [0x00000000eab00000, 0x00000000eb980000, 0x0000000100000000)
  eden space 6144K, 100% used [0x00000000eab00000,0x00000000eb100000,0x00000000eb100000)
  from space 2048K, 98% used [0x00000000eb780000,0x00000000eb978010,0x00000000eb980000)
  to   space 3584K, 0% used [0x00000000eb280000,0x00000000eb280000,0x00000000eb600000)
 ParOldGen       total 380928K, used 277890K [0x00000000c0000000, 0x00000000d7400000, 0x00000000eab00000)
  object space 380928K, 72% used [0x00000000c0000000,0x00000000d0f60a60,0x00000000d7400000)
 Metaspace       used 101310K, committed 102784K, reserved 1179648K
  class space    used 10104K, committed 10688K, reserved 1048576K
}
Event: 3309.244 GC heap after
{Heap after GC invocations=13244 (full 186):
 PSYoungGen      total 11264K, used 3295K [0x00000000eab00000, 0x00000000eb980000, 0x0000000100000000)
  eden space 7680K, 0% used [0x00000000eab00000,0x00000000eab00000,0x00000000eb280000)
  from space 3584K, 91% used [0x00000000eb280000,0x00000000eb5b7e18,0x00000000eb600000)
  to   space 3584K, 0% used [0x00000000eb600000,0x00000000eb600000,0x00000000eb980000)
 ParOldGen       total 380928K, used 280735K [0x00000000c0000000, 0x00000000d7400000, 0x00000000eab00000)
  object space 380928K, 73% used [0x00000000c0000000,0x00000000d1227ef8,0x00000000d7400000)
 Metaspace       used 101310K, committed 102784K, reserved 1179648K
  class space    used 10104K, committed 10688K, reserved 1048576K
}
Event: 3309.289 GC heap before
{Heap before GC invocations=13245 (full 186):
 PSYoungGen      total 11264K, used 10018K [0x00000000eab00000, 0x00000000eb980000, 0x0000000100000000)
  eden space 7680K, 87% used [0x00000000eab00000,0x00000000eb190be0,0x00000000eb280000)
  from space 3584K, 91% used [0x00000000eb280000,0x00000000eb5b7e18,0x00000000eb600000)
  to   space 3584K, 0% used [0x00000000eb600000,0x00000000eb600000,0x00000000eb980000)
 ParOldGen       total 380928K, used 280735K [0x00000000c0000000, 0x00000000d7400000, 0x00000000eab00000)
  object space 380928K, 73% used [0x00000000c0000000,0x00000000d1227ef8,0x00000000d7400000)
 Metaspace       used 101310K, committed 102784K, reserved 1179648K
  class space    used 10104K, committed 10688K, reserved 1048576K
}
Event: 3309.291 GC heap after
{Heap after GC invocations=13245 (full 186):
 PSYoungGen      total 11264K, used 1130K [0x00000000eab00000, 0x00000000eb800000, 0x0000000100000000)
  eden space 9216K, 0% used [0x00000000eab00000,0x00000000eab00000,0x00000000eb400000)
  from space 2048K, 55% used [0x00000000eb600000,0x00000000eb71aa08,0x00000000eb800000)
  to   space 2048K, 0% used [0x00000000eb400000,0x00000000eb400000,0x00000000eb600000)
 ParOldGen       total 380928K, used 280759K [0x00000000c0000000, 0x00000000d7400000, 0x00000000eab00000)
  object space 380928K, 73% used [0x00000000c0000000,0x00000000d122def8,0x00000000d7400000)
 Metaspace       used 101310K, committed 102784K, reserved 1179648K
  class space    used 10104K, committed 10688K, reserved 1048576K
}
Event: 3309.466 GC heap before
{Heap before GC invocations=13246 (full 186):
 PSYoungGen      total 11264K, used 9378K [0x00000000eab00000, 0x00000000eb800000, 0x0000000100000000)
  eden space 9216K, 89% used [0x00000000eab00000,0x00000000eb30de48,0x00000000eb400000)
  from space 2048K, 55% used [0x00000000eb600000,0x00000000eb71aa08,0x00000000eb800000)
  to   space 2048K, 0% used [0x00000000eb400000,0x00000000eb400000,0x00000000eb600000)
 ParOldGen       total 380928K, used 280759K [0x00000000c0000000, 0x00000000d7400000, 0x00000000eab00000)
  object space 380928K, 73% used [0x00000000c0000000,0x00000000d122def8,0x00000000d7400000)
 Metaspace       used 101310K, committed 102784K, reserved 1179648K
  class space    used 10104K, committed 10688K, reserved 1048576K
}
Event: 3309.467 GC heap after
{Heap after GC invocations=13246 (full 186):
 PSYoungGen      total 10752K, used 1290K [0x00000000eab00000, 0x00000000eb700000, 0x0000000100000000)
  eden space 9216K, 0% used [0x00000000eab00000,0x00000000eab00000,0x00000000eb400000)
  from space 1536K, 84% used [0x00000000eb400000,0x00000000eb542a20,0x00000000eb580000)
  to   space 1536K, 0% used [0x00000000eb580000,0x00000000eb580000,0x00000000eb700000)
 ParOldGen       total 380928K, used 280799K [0x00000000c0000000, 0x00000000d7400000, 0x00000000eab00000)
  object space 380928K, 73% used [0x00000000c0000000,0x00000000d1237ef8,0x00000000d7400000)
 Metaspace       used 101310K, committed 102784K, reserved 1179648K
  class space    used 10104K, committed 10688K, reserved 1048576K
}
Event: 3309.568 GC heap before
{Heap before GC invocations=13247 (full 186):
 PSYoungGen      total 10752K, used 10506K [0x00000000eab00000, 0x00000000eb700000, 0x0000000100000000)
  eden space 9216K, 100% used [0x00000000eab00000,0x00000000eb400000,0x00000000eb400000)
  from space 1536K, 84% used [0x00000000eb400000,0x00000000eb542a20,0x00000000eb580000)
  to   space 1536K, 0% used [0x00000000eb580000,0x00000000eb580000,0x00000000eb700000)
 ParOldGen       total 380928K, used 280799K [0x00000000c0000000, 0x00000000d7400000, 0x00000000eab00000)
  object space 380928K, 73% used [0x00000000c0000000,0x00000000d1237ef8,0x00000000d7400000)
 Metaspace       used 101310K, committed 102784K, reserved 1179648K
  class space    used 10104K, committed 10688K, reserved 1048576K
}
Event: 3309.569 GC heap after
{Heap after GC invocations=13247 (full 186):
 PSYoungGen      total 9728K, used 160K [0x00000000eab00000, 0x00000000eb600000, 0x0000000100000000)
  eden space 9216K, 0% used [0x00000000eab00000,0x00000000eab00000,0x00000000eb400000)
  from space 512K, 31% used [0x00000000eb580000,0x00000000eb5a8000,0x00000000eb600000)
  to   space 1024K, 0% used [0x00000000eb400000,0x00000000eb400000,0x00000000eb500000)
 ParOldGen       total 380928K, used 280831K [0x00000000c0000000, 0x00000000d7400000, 0x00000000eab00000)
  object space 380928K, 73% used [0x00000000c0000000,0x00000000d123fef8,0x00000000d7400000)
 Metaspace       used 101310K, committed 102784K, reserved 1179648K
  class space    used 10104K, committed 10688K, reserved 1048576K
}
Event: 3309.605 GC heap before
{Heap before GC invocations=13248 (full 186):
 PSYoungGen      total 9728K, used 9375K [0x00000000eab00000, 0x00000000eb600000, 0x0000000100000000)
  eden space 9216K, 99% used [0x00000000eab00000,0x00000000eb3ffff8,0x00000000eb400000)
  from space 512K, 31% used [0x00000000eb580000,0x00000000eb5a8000,0x00000000eb600000)
  to   space 1024K, 0% used [0x00000000eb400000,0x00000000eb400000,0x00000000eb500000)
 ParOldGen       total 380928K, used 280831K [0x00000000c0000000, 0x00000000d7400000, 0x00000000eab00000)
  object space 380928K, 73% used [0x00000000c0000000,0x00000000d123fef8,0x00000000d7400000)
 Metaspace       used 101310K, committed 102784K, reserved 1179648K
  class space    used 10104K, committed 10688K, reserved 1048576K
}
Event: 3309.606 GC heap after
{Heap after GC invocations=13248 (full 186):
 PSYoungGen      total 10240K, used 1024K [0x00000000eab00000, 0x00000000ec100000, 0x0000000100000000)
  eden space 9216K, 0% used [0x00000000eab00000,0x00000000eab00000,0x00000000eb400000)
  from space 1024K, 100% used [0x00000000eb400000,0x00000000eb500000,0x00000000eb500000)
  to   space 6656K, 0% used [0x00000000eba80000,0x00000000eba80000,0x00000000ec100000)
 ParOldGen       total 380928K, used 285242K [0x00000000c0000000, 0x00000000d7400000, 0x00000000eab00000)
  object space 380928K, 74% used [0x00000000c0000000,0x00000000d168eb48,0x00000000d7400000)
 Metaspace       used 101310K, committed 102784K, reserved 1179648K
  class space    used 10104K, committed 10688K, reserved 1048576K
}
Event: 3309.722 GC heap before
{Heap before GC invocations=13249 (full 186):
 PSYoungGen      total 10240K, used 10240K [0x00000000eab00000, 0x00000000ec100000, 0x0000000100000000)
  eden space 9216K, 100% used [0x00000000eab00000,0x00000000eb400000,0x00000000eb400000)
  from space 1024K, 100% used [0x00000000eb400000,0x00000000eb500000,0x00000000eb500000)
  to   space 6656K, 0% used [0x00000000eba80000,0x00000000eba80000,0x00000000ec100000)
 ParOldGen       total 380928K, used 285242K [0x00000000c0000000, 0x00000000d7400000, 0x00000000eab00000)
  object space 380928K, 74% used [0x00000000c0000000,0x00000000d168eb48,0x00000000d7400000)
 Metaspace       used 101310K, committed 102784K, reserved 1179648K
  class space    used 10104K, committed 10688K, reserved 1048576K
}
Event: 3309.725 GC heap after
{Heap after GC invocations=13249 (full 186):
 PSYoungGen      total 12800K, used 3555K [0x00000000eab00000, 0x00000000ebe00000, 0x0000000100000000)
  eden space 9216K, 0% used [0x00000000eab00000,0x00000000eab00000,0x00000000eb400000)
  from space 3584K, 99% used [0x00000000eba80000,0x00000000ebdf8e40,0x00000000ebe00000)
  to   space 4608K, 0% used [0x00000000eb500000,0x00000000eb500000,0x00000000eb980000)
 ParOldGen       total 380928K, used 286256K [0x00000000c0000000, 0x00000000d7400000, 0x00000000eab00000)
  object space 380928K, 75% used [0x00000000c0000000,0x00000000d178c2d8,0x00000000d7400000)
 Metaspace       used 101310K, committed 102784K, reserved 1179648K
  class space    used 10104K, committed 10688K, reserved 1048576K
}
Event: 3309.742 GC heap before
{Heap before GC invocations=13250 (full 186):
 PSYoungGen      total 12800K, used 12473K [0x00000000eab00000, 0x00000000ebe00000, 0x0000000100000000)
  eden space 9216K, 96% used [0x00000000eab00000,0x00000000eb3b5690,0x00000000eb400000)
  from space 3584K, 99% used [0x00000000eba80000,0x00000000ebdf8e40,0x00000000ebe00000)
  to   space 4608K, 0% used [0x00000000eb500000,0x00000000eb500000,0x00000000eb980000)
 ParOldGen       total 380928K, used 286256K [0x00000000c0000000, 0x00000000d7400000, 0x00000000eab00000)
  object space 380928K, 75% used [0x00000000c0000000,0x00000000d178c2d8,0x00000000d7400000)
 Metaspace       used 101310K, committed 102784K, reserved 1179648K
  class space    used 10104K, committed 10688K, reserved 1048576K
}
Event: 3309.746 GC heap after
{Heap after GC invocations=13250 (full 186):
 PSYoungGen      total 13824K, used 4583K [0x00000000eab00000, 0x00000000ec600000, 0x0000000100000000)
  eden space 9216K, 0% used [0x00000000eab00000,0x00000000eab00000,0x00000000eb400000)
  from space 4608K, 99% used [0x00000000eb500000,0x00000000eb979d60,0x00000000eb980000)
  to   space 9216K, 0% used [0x00000000ebd00000,0x00000000ebd00000,0x00000000ec600000)
 ParOldGen       total 380928K, used 289820K [0x00000000c0000000, 0x00000000d7400000, 0x00000000eab00000)
  object space 380928K, 76% used [0x00000000c0000000,0x00000000d1b07210,0x00000000d7400000)
 Metaspace       used 101310K, committed 102784K, reserved 1179648K
  class space    used 10104K, committed 10688K, reserved 1048576K
}
Event: 3309.828 GC heap before
{Heap before GC invocations=13251 (full 186):
 PSYoungGen      total 13824K, used 13792K [0x00000000eab00000, 0x00000000ec600000, 0x0000000100000000)
  eden space 9216K, 99% used [0x00000000eab00000,0x00000000eb3fe368,0x00000000eb400000)
  from space 4608K, 99% used [0x00000000eb500000,0x00000000eb979d60,0x00000000eb980000)
  to   space 9216K, 0% used [0x00000000ebd00000,0x00000000ebd00000,0x00000000ec600000)
 ParOldGen       total 380928K, used 289820K [0x00000000c0000000, 0x00000000d7400000, 0x00000000eab00000)
  object space 380928K, 76% used [0x00000000c0000000,0x00000000d1b07210,0x00000000d7400000)
 Metaspace       used 101310K, committed 102784K, reserved 1179648K
  class space    used 10104K, committed 10688K, reserved 1048576K
}
Event: 3309.833 GC heap after
{Heap after GC invocations=13251 (full 186):
 PSYoungGen      total 14848K, used 5429K [0x00000000eab00000, 0x00000000ec280000, 0x0000000100000000)
  eden space 9216K, 0% used [0x00000000eab00000,0x00000000eab00000,0x00000000eb400000)
  from space 5632K, 96% used [0x00000000ebd00000,0x00000000ec24d470,0x00000000ec280000)
  to   space 6656K, 0% used [0x00000000eb580000,0x00000000eb580000,0x00000000ebc00000)
 ParOldGen       total 380928K, used 294089K [0x00000000c0000000, 0x00000000d7400000, 0x00000000eab00000)
  object space 380928K, 77% used [0x00000000c0000000,0x00000000d1f32608,0x00000000d7400000)
 Metaspace       used 101310K, committed 102784K, reserved 1179648K
  class space    used 10104K, committed 10688K, reserved 1048576K
}
Event: 3309.854 GC heap before
{Heap before GC invocations=13252 (full 186):
 PSYoungGen      total 14848K, used 14645K [0x00000000eab00000, 0x00000000ec280000, 0x0000000100000000)
  eden space 9216K, 100% used [0x00000000eab00000,0x00000000eb400000,0x00000000eb400000)
  from space 5632K, 96% used [0x00000000ebd00000,0x00000000ec24d470,0x00000000ec280000)
  to   space 6656K, 0% used [0x00000000eb580000,0x00000000eb580000,0x00000000ebc00000)
 ParOldGen       total 380928K, used 294089K [0x00000000c0000000, 0x00000000d7400000, 0x00000000eab00000)
  object space 380928K, 77% used [0x00000000c0000000,0x00000000d1f32608,0x00000000d7400000)
 Metaspace       used 101310K, committed 102784K, reserved 1179648K
  class space    used 10104K, committed 10688K, reserved 1048576K
}

