# JRE version: OpenJDK Runtime Environment Temurin-17.0.7+7 (17.0.7+7) (build 17.0.7+7)
# Java VM: OpenJDK 64-Bit Server VM Temurin-17.0.7+7 (17.0.7+7, mixed mode, tiered, compressed oops, compressed class ptrs, parallel gc, windows-amd64)
GC Precious Log:
 CPUs: 12 total, 12 available
 Memory: 16334M
 Large Page Support: Disabled
 NUMA Support: Disabled
 Compressed Oops: Enabled (32-bit)
 Alignments: Space 512K, Generation 512K, Heap 2M
 Heap Min Capacity: 100M
 Heap Initial Capacity: 100M
 Heap Max Capacity: 1G
 Pre-touch: Disabled
 Parallel Workers: 10
Heap:
 PSYoungGen      total 7168K, used 7017K [0x00000000eab00000, 0x00000000eb980000, 0x0000000100000000)
  eden space 6656K, 100% used [0x00000000eab00000,0x00000000eb180000,0x00000000eb180000)
  from space 512K, 70% used [0x00000000eb900000,0x00000000eb95a400,0x00000000eb980000)
  to   space 1536K, 0% used [0x00000000eb680000,0x00000000eb680000,0x00000000eb800000)
 ParOldGen       total 310272K, used 158046K [0x00000000c0000000, 0x00000000d2f00000, 0x00000000eab00000)
  object space 310272K, 50% used [0x00000000c0000000,0x00000000c9a57b98,0x00000000d2f00000)
 Metaspace       used 78571K, committed 79936K, reserved 1179648K
  class space    used 7882K, committed 8512K, reserved 1048576K
GC Heap History (20 events):
Event: 386.588 GC heap before
{Heap before GC invocations=4219 (full 98):
 PSYoungGen      total 12800K, used 12682K [0x00000000eab00000, 0x00000000ec000000, 0x0000000100000000)
  eden space 9728K, 99% used [0x00000000eab00000,0x00000000eb477410,0x00000000eb480000)
  from space 3072K, 97% used [0x00000000ebd00000,0x00000000ebfeb748,0x00000000ec000000)
  to   space 4608K, 0% used [0x00000000eb700000,0x00000000eb700000,0x00000000ebb80000)
 ParOldGen       total 310272K, used 121272K [0x00000000c0000000, 0x00000000d2f00000, 0x00000000eab00000)
  object space 310272K, 39% used [0x00000000c0000000,0x00000000c766e1b8,0x00000000d2f00000)
 Metaspace       used 78570K, committed 79936K, reserved 1179648K
  class space    used 7882K, committed 8512K, reserved 1048576K
}
Event: 386.590 GC heap after
{Heap after GC invocations=4219 (full 98):
 PSYoungGen      total 11264K, used 1229K [0x00000000eab00000, 0x00000000ebd80000, 0x0000000100000000)
  eden space 9728K, 0% used [0x00000000eab00000,0x00000000eab00000,0x00000000eb480000)
  from space 1536K, 80% used [0x00000000eb700000,0x00000000eb833738,0x00000000eb880000)
  to   space 2560K, 0% used [0x00000000ebb00000,0x00000000ebb00000,0x00000000ebd80000)
 ParOldGen       total 310272K, used 123086K [0x00000000c0000000, 0x00000000d2f00000, 0x00000000eab00000)
  object space 310272K, 39% used [0x00000000c0000000,0x00000000c7833a10,0x00000000d2f00000)
 Metaspace       used 78570K, committed 79936K, reserved 1179648K
  class space    used 7882K, committed 8512K, reserved 1048576K
}
Event: 386.606 GC heap before
{Heap before GC invocations=4220 (full 98):
 PSYoungGen      total 11264K, used 10957K [0x00000000eab00000, 0x00000000ebd80000, 0x0000000100000000)
  eden space 9728K, 100% used [0x00000000eab00000,0x00000000eb480000,0x00000000eb480000)
  from space 1536K, 80% used [0x00000000eb700000,0x00000000eb833738,0x00000000eb880000)
  to   space 2560K, 0% used [0x00000000ebb00000,0x00000000ebb00000,0x00000000ebd80000)
 ParOldGen       total 310272K, used 123086K [0x00000000c0000000, 0x00000000d2f00000, 0x00000000eab00000)
  object space 310272K, 39% used [0x00000000c0000000,0x00000000c7833a10,0x00000000d2f00000)
 Metaspace       used 78570K, committed 79936K, reserved 1179648K
  class space    used 7882K, committed 8512K, reserved 1048576K
}
Event: 386.609 GC heap after
{Heap after GC invocations=4220 (full 98):
 PSYoungGen      total 12288K, used 2550K [0x00000000eab00000, 0x00000000ebf80000, 0x0000000100000000)
  eden space 9728K, 0% used [0x00000000eab00000,0x00000000eab00000,0x00000000eb480000)
  from space 2560K, 99% used [0x00000000ebb00000,0x00000000ebd7db58,0x00000000ebd80000)
  to   space 5632K, 0% used [0x00000000eb480000,0x00000000eb480000,0x00000000eba00000)
 ParOldGen       total 310272K, used 125355K [0x00000000c0000000, 0x00000000d2f00000, 0x00000000eab00000)
  object space 310272K, 40% used [0x00000000c0000000,0x00000000c7a6ae20,0x00000000d2f00000)
 Metaspace       used 78570K, committed 79936K, reserved 1179648K
  class space    used 7882K, committed 8512K, reserved 1048576K
}
Event: 386.637 GC heap before
{Heap before GC invocations=4221 (full 98):
 PSYoungGen      total 12288K, used 12278K [0x00000000eab00000, 0x00000000ebf80000, 0x0000000100000000)
  eden space 9728K, 100% used [0x00000000eab00000,0x00000000eb480000,0x00000000eb480000)
  from space 2560K, 99% used [0x00000000ebb00000,0x00000000ebd7db58,0x00000000ebd80000)
  to   space 5632K, 0% used [0x00000000eb480000,0x00000000eb480000,0x00000000eba00000)
 ParOldGen       total 310272K, used 125355K [0x00000000c0000000, 0x00000000d2f00000, 0x00000000eab00000)
  object space 310272K, 40% used [0x00000000c0000000,0x00000000c7a6ae20,0x00000000d2f00000)
 Metaspace       used 78570K, committed 79936K, reserved 1179648K
  class space    used 7882K, committed 8512K, reserved 1048576K
}
Event: 386.641 GC heap after
{Heap after GC invocations=4221 (full 98):
 PSYoungGen      total 15360K, used 5614K [0x00000000eab00000, 0x00000000ec880000, 0x0000000100000000)
  eden space 9728K, 0% used [0x00000000eab00000,0x00000000eab00000,0x00000000eb480000)
  from space 5632K, 99% used [0x00000000eb480000,0x00000000eb9fba90,0x00000000eba00000)
  to   space 10240K, 0% used [0x00000000ebe80000,0x00000000ebe80000,0x00000000ec880000)
 ParOldGen       total 310272K, used 128895K [0x00000000c0000000, 0x00000000d2f00000, 0x00000000eab00000)
  object space 310272K, 41% used [0x00000000c0000000,0x00000000c7ddffa8,0x00000000d2f00000)
 Metaspace       used 78570K, committed 79936K, reserved 1179648K
  class space    used 7882K, committed 8512K, reserved 1048576K
}
Event: 386.715 GC heap before
{Heap before GC invocations=4222 (full 98):
 PSYoungGen      total 15360K, used 15342K [0x00000000eab00000, 0x00000000ec880000, 0x0000000100000000)
  eden space 9728K, 100% used [0x00000000eab00000,0x00000000eb480000,0x00000000eb480000)
  from space 5632K, 99% used [0x00000000eb480000,0x00000000eb9fba90,0x00000000eba00000)
  to   space 10240K, 0% used [0x00000000ebe80000,0x00000000ebe80000,0x00000000ec880000)
 ParOldGen       total 310272K, used 128895K [0x00000000c0000000, 0x00000000d2f00000, 0x00000000eab00000)
  object space 310272K, 41% used [0x00000000c0000000,0x00000000c7ddffa8,0x00000000d2f00000)
 Metaspace       used 78570K, committed 79936K, reserved 1179648K
  class space    used 7882K, committed 8512K, reserved 1048576K
}
Event: 386.718 GC heap after
{Heap after GC invocations=4222 (full 98):
 PSYoungGen      total 10240K, used 492K [0x00000000eab00000, 0x00000000ebf00000, 0x0000000100000000)
  eden space 9728K, 0% used [0x00000000eab00000,0x00000000eab00000,0x00000000eb480000)
  from space 512K, 96% used [0x00000000ebe80000,0x00000000ebefb110,0x00000000ebf00000)
  to   space 4096K, 0% used [0x00000000eb700000,0x00000000eb700000,0x00000000ebb00000)
 ParOldGen       total 310272K, used 133707K [0x00000000c0000000, 0x00000000d2f00000, 0x00000000eab00000)
  object space 310272K, 43% used [0x00000000c0000000,0x00000000c8292cb8,0x00000000d2f00000)
 Metaspace       used 78570K, committed 79936K, reserved 1179648K
  class space    used 7882K, committed 8512K, reserved 1048576K
}
Event: 386.736 GC heap before
{Heap before GC invocations=4223 (full 98):
 PSYoungGen      total 10240K, used 10220K [0x00000000eab00000, 0x00000000ebf00000, 0x0000000100000000)
  eden space 9728K, 100% used [0x00000000eab00000,0x00000000eb480000,0x00000000eb480000)
  from space 512K, 96% used [0x00000000ebe80000,0x00000000ebefb110,0x00000000ebf00000)
  to   space 4096K, 0% used [0x00000000eb700000,0x00000000eb700000,0x00000000ebb00000)
 ParOldGen       total 310272K, used 133707K [0x00000000c0000000, 0x00000000d2f00000, 0x00000000eab00000)
  object space 310272K, 43% used [0x00000000c0000000,0x00000000c8292cb8,0x00000000d2f00000)
 Metaspace       used 78570K, committed 79936K, reserved 1179648K
  class space    used 7882K, committed 8512K, reserved 1048576K
}
Event: 386.741 GC heap after
{Heap after GC invocations=4223 (full 98):
 PSYoungGen      total 13824K, used 4065K [0x00000000eab00000, 0x00000000ec980000, 0x0000000100000000)
  eden space 9728K, 0% used [0x00000000eab00000,0x00000000eab00000,0x00000000eb480000)
  from space 4096K, 99% used [0x00000000eb700000,0x00000000ebaf8610,0x00000000ebb00000)
  to   space 10752K, 0% used [0x00000000ebf00000,0x00000000ebf00000,0x00000000ec980000)
 ParOldGen       total 310272K, used 138791K [0x00000000c0000000, 0x00000000d2f00000, 0x00000000eab00000)
  object space 310272K, 44% used [0x00000000c0000000,0x00000000c8789dc8,0x00000000d2f00000)
 Metaspace       used 78570K, committed 79936K, reserved 1179648K
  class space    used 7882K, committed 8512K, reserved 1048576K
}
Event: 386.748 GC heap before
{Heap before GC invocations=4224 (full 98):
 PSYoungGen      total 13824K, used 12954K [0x00000000eab00000, 0x00000000ec980000, 0x0000000100000000)
  eden space 9728K, 91% used [0x00000000eab00000,0x00000000eb3ae5e8,0x00000000eb480000)
  from space 4096K, 99% used [0x00000000eb700000,0x00000000ebaf8610,0x00000000ebb00000)
  to   space 10752K, 0% used [0x00000000ebf00000,0x00000000ebf00000,0x00000000ec980000)
 ParOldGen       total 310272K, used 138791K [0x00000000c0000000, 0x00000000d2f00000, 0x00000000eab00000)
  object space 310272K, 44% used [0x00000000c0000000,0x00000000c8789dc8,0x00000000d2f00000)
 Metaspace       used 78570K, committed 79936K, reserved 1179648K
  class space    used 7882K, committed 8512K, reserved 1048576K
}
Event: 386.752 GC heap after
{Heap after GC invocations=4224 (full 98):
 PSYoungGen      total 16384K, used 4484K [0x00000000eab00000, 0x00000000ec380000, 0x0000000100000000)
  eden space 11776K, 0% used [0x00000000eab00000,0x00000000eab00000,0x00000000eb680000)
  from space 4608K, 97% used [0x00000000ebf00000,0x00000000ec361270,0x00000000ec380000)
  to   space 6656K, 0% used [0x00000000eb680000,0x00000000eb680000,0x00000000ebd00000)
 ParOldGen       total 310272K, used 142920K [0x00000000c0000000, 0x00000000d2f00000, 0x00000000eab00000)
  object space 310272K, 46% used [0x00000000c0000000,0x00000000c8b923d8,0x00000000d2f00000)
 Metaspace       used 78570K, committed 79936K, reserved 1179648K
  class space    used 7882K, committed 8512K, reserved 1048576K
}
Event: 386.768 GC heap before
{Heap before GC invocations=4225 (full 98):
 PSYoungGen      total 16384K, used 16260K [0x00000000eab00000, 0x00000000ec380000, 0x0000000100000000)
  eden space 11776K, 100% used [0x00000000eab00000,0x00000000eb680000,0x00000000eb680000)
  from space 4608K, 97% used [0x00000000ebf00000,0x00000000ec361270,0x00000000ec380000)
  to   space 6656K, 0% used [0x00000000eb680000,0x00000000eb680000,0x00000000ebd00000)
 ParOldGen       total 310272K, used 142920K [0x00000000c0000000, 0x00000000d2f00000, 0x00000000eab00000)
  object space 310272K, 46% used [0x00000000c0000000,0x00000000c8b923d8,0x00000000d2f00000)
 Metaspace       used 78570K, committed 79936K, reserved 1179648K
  class space    used 7882K, committed 8512K, reserved 1048576K
}
Event: 386.771 GC heap after
{Heap after GC invocations=4225 (full 98):
 PSYoungGen      total 18432K, used 4223K [0x00000000eab00000, 0x00000000ec200000, 0x0000000100000000)
  eden space 11776K, 0% used [0x00000000eab00000,0x00000000eab00000,0x00000000eb680000)
  from space 6656K, 63% used [0x00000000eb680000,0x00000000eba9ff58,0x00000000ebd00000)
  to   space 4608K, 0% used [0x00000000ebd80000,0x00000000ebd80000,0x00000000ec200000)
 ParOldGen       total 310272K, used 146231K [0x00000000c0000000, 0x00000000d2f00000, 0x00000000eab00000)
  object space 310272K, 47% used [0x00000000c0000000,0x00000000c8ecdf10,0x00000000d2f00000)
 Metaspace       used 78570K, committed 79936K, reserved 1179648K
  class space    used 7882K, committed 8512K, reserved 1048576K
}
Event: 386.799 GC heap before
{Heap before GC invocations=4226 (full 98):
 PSYoungGen      total 18432K, used 15997K [0x00000000eab00000, 0x00000000ec200000, 0x0000000100000000)
  eden space 11776K, 99% used [0x00000000eab00000,0x00000000eb67f830,0x00000000eb680000)
  from space 6656K, 63% used [0x00000000eb680000,0x00000000eba9ff58,0x00000000ebd00000)
  to   space 4608K, 0% used [0x00000000ebd80000,0x00000000ebd80000,0x00000000ec200000)
 ParOldGen       total 310272K, used 146231K [0x00000000c0000000, 0x00000000d2f00000, 0x00000000eab00000)
  object space 310272K, 47% used [0x00000000c0000000,0x00000000c8ecdf10,0x00000000d2f00000)
 Metaspace       used 78570K, committed 79936K, reserved 1179648K
  class space    used 7882K, committed 8512K, reserved 1048576K
}
Event: 386.804 GC heap after
{Heap after GC invocations=4226 (full 98):
 PSYoungGen      total 11264K, used 4592K [0x00000000eab00000, 0x00000000ed100000, 0x0000000100000000)
  eden space 6656K, 0% used [0x00000000eab00000,0x00000000eab00000,0x00000000eb180000)
  from space 4608K, 99% used [0x00000000ebd80000,0x00000000ec1fc180,0x00000000ec200000)
  to   space 12288K, 0% used [0x00000000eb180000,0x00000000eb180000,0x00000000ebd80000)
 ParOldGen       total 310272K, used 152595K [0x00000000c0000000, 0x00000000d2f00000, 0x00000000eab00000)
  object space 310272K, 49% used [0x00000000c0000000,0x00000000c9504f10,0x00000000d2f00000)
 Metaspace       used 78570K, committed 79936K, reserved 1179648K
  class space    used 7882K, committed 8512K, reserved 1048576K
}
Event: 386.822 GC heap before
{Heap before GC invocations=4227 (full 98):
 PSYoungGen      total 11264K, used 10362K [0x00000000eab00000, 0x00000000ed100000, 0x0000000100000000)
  eden space 6656K, 86% used [0x00000000eab00000,0x00000000eb0a2a48,0x00000000eb180000)
  from space 4608K, 99% used [0x00000000ebd80000,0x00000000ec1fc180,0x00000000ec200000)
  to   space 12288K, 0% used [0x00000000eb180000,0x00000000eb180000,0x00000000ebd80000)
 ParOldGen       total 310272K, used 152595K [0x00000000c0000000, 0x00000000d2f00000, 0x00000000eab00000)
  object space 310272K, 49% used [0x00000000c0000000,0x00000000c9504f10,0x00000000d2f00000)
 Metaspace       used 78570K, committed 79936K, reserved 1179648K
  class space    used 7882K, committed 8512K, reserved 1048576K
}
Event: 386.826 GC heap after
{Heap after GC invocations=4227 (full 98):
 PSYoungGen      total 8192K, used 1293K [0x00000000eab00000, 0x00000000ebe00000, 0x0000000100000000)
  eden space 6656K, 0% used [0x00000000eab00000,0x00000000eab00000,0x00000000eb180000)
  from space 1536K, 84% used [0x00000000eb180000,0x00000000eb2c3738,0x00000000eb300000)
  to   space 5120K, 0% used [0x00000000eb900000,0x00000000eb900000,0x00000000ebe00000)
 ParOldGen       total 310272K, used 157990K [0x00000000c0000000, 0x00000000d2f00000, 0x00000000eab00000)
  object space 310272K, 50% used [0x00000000c0000000,0x00000000c9a49b98,0x00000000d2f00000)
 Metaspace       used 78570K, committed 79936K, reserved 1179648K
  class space    used 7882K, committed 8512K, reserved 1048576K
}
Event: 386.940 GC heap before
{Heap before GC invocations=4228 (full 98):
 PSYoungGen      total 8192K, used 7433K [0x00000000eab00000, 0x00000000ebe00000, 0x0000000100000000)
  eden space 6656K, 92% used [0x00000000eab00000,0x00000000eb0fee90,0x00000000eb180000)
  from space 1536K, 84% used [0x00000000eb180000,0x00000000eb2c3738,0x00000000eb300000)
  to   space 5120K, 0% used [0x00000000eb900000,0x00000000eb900000,0x00000000ebe00000)
 ParOldGen       total 310272K, used 157990K [0x00000000c0000000, 0x00000000d2f00000, 0x00000000eab00000)
  object space 310272K, 50% used [0x00000000c0000000,0x00000000c9a49b98,0x00000000d2f00000)
 Metaspace       used 78571K, committed 79936K, reserved 1179648K
  class space    used 7882K, committed 8512K, reserved 1048576K
}
Event: 386.942 GC heap after
{Heap after GC invocations=4228 (full 98):
 PSYoungGen      total 7168K, used 361K [0x00000000eab00000, 0x00000000eb980000, 0x0000000100000000)
  eden space 6656K, 0% used [0x00000000eab00000,0x00000000eab00000,0x00000000eb180000)
  from space 512K, 70% used [0x00000000eb900000,0x00000000eb95a400,0x00000000eb980000)
  to   space 1536K, 0% used [0x00000000eb680000,0x00000000eb680000,0x00000000eb800000)
 ParOldGen       total 310272K, used 158046K [0x00000000c0000000, 0x00000000d2f00000, 0x00000000eab00000)
  object space 310272K, 50% used [0x00000000c0000000,0x00000000c9a57b98,0x00000000d2f00000)
 Metaspace       used 78571K, committed 79936K, reserved 1179648K
  class space    used 7882K, committed 8512K, reserved 1048576K
}

