# JRE version: OpenJDK Runtime Environment Temurin-17.0.7+7 (17.0.7+7) (build 17.0.7+7)
# Java VM: OpenJDK 64-Bit Server VM Temurin-17.0.7+7 (17.0.7+7, mixed mode, tiered, compressed oops, compressed class ptrs, parallel gc, windows-amd64)
GC Precious Log:
 CPUs: 12 total, 12 available
 Memory: 16334M
 Large Page Support: Disabled
 NUMA Support: Disabled
 Compressed Oops: Enabled (32-bit)
 Alignments: Space 512K, Generation 512K, Heap 2M
 Heap Min Capacity: 100M
 Heap Initial Capacity: 100M
 Heap Max Capacity: 1G
 Pre-touch: Disabled
 Parallel Workers: 10
Heap:
 PSYoungGen      total 14848K, used 12723K [0x00000000eab00000, 0x00000000ebe80000, 0x0000000100000000)
  eden space 9216K, 94% used [0x00000000eab00000,0x00000000eb381620,0x00000000eb400000)
  from space 5632K, 71% used [0x00000000eb400000,0x00000000eb7eb6c0,0x00000000eb980000)
  to   space 4608K, 36% used [0x00000000eba00000,0x00000000ebba92c0,0x00000000ebe80000)
 ParOldGen       total 340992K, used 241605K [0x00000000c0000000, 0x00000000d4d00000, 0x00000000eab00000)
  object space 340992K, 70% used [0x00000000c0000000,0x00000000cebf1440,0x00000000d4d00000)
 Metaspace       used 84588K, committed 85888K, reserved 1179648K
  class space    used 8525K, committed 9152K, reserved 1048576K
GC Heap History (20 events):
Event: 1095.777 GC heap after
{Heap after GC invocations=3025 (full 54):
 PSYoungGen      total 6656K, used 361K [0x00000000eab00000, 0x00000000eb280000, 0x0000000100000000)
  eden space 5632K, 0% used [0x00000000eab00000,0x00000000eab00000,0x00000000eb080000)
  from space 1024K, 35% used [0x00000000eb180000,0x00000000eb1da400,0x00000000eb280000)
  to   space 1024K, 0% used [0x00000000eb080000,0x00000000eb080000,0x00000000eb180000)
 ParOldGen       total 340992K, used 203005K [0x00000000c0000000, 0x00000000d4d00000, 0x00000000eab00000)
  object space 340992K, 59% used [0x00000000c0000000,0x00000000cc63f530,0x00000000d4d00000)
 Metaspace       used 84419K, committed 85696K, reserved 1179648K
  class space    used 8509K, committed 9152K, reserved 1048576K
}
Event: 1095.787 GC heap before
{Heap before GC invocations=3026 (full 54):
 PSYoungGen      total 6656K, used 5993K [0x00000000eab00000, 0x00000000eb280000, 0x0000000100000000)
  eden space 5632K, 100% used [0x00000000eab00000,0x00000000eb080000,0x00000000eb080000)
  from space 1024K, 35% used [0x00000000eb180000,0x00000000eb1da400,0x00000000eb280000)
  to   space 1024K, 0% used [0x00000000eb080000,0x00000000eb080000,0x00000000eb180000)
 ParOldGen       total 340992K, used 203005K [0x00000000c0000000, 0x00000000d4d00000, 0x00000000eab00000)
  object space 340992K, 59% used [0x00000000c0000000,0x00000000cc63f530,0x00000000d4d00000)
 Metaspace       used 84419K, committed 85696K, reserved 1179648K
  class space    used 8509K, committed 9152K, reserved 1048576K
}
Event: 1095.791 GC heap after
{Heap after GC invocations=3026 (full 54):
 PSYoungGen      total 6656K, used 992K [0x00000000eab00000, 0x00000000ebf00000, 0x0000000100000000)
  eden space 5632K, 0% used [0x00000000eab00000,0x00000000eab00000,0x00000000eb080000)
  from space 1024K, 96% used [0x00000000eb080000,0x00000000eb178308,0x00000000eb180000)
  to   space 6656K, 0% used [0x00000000eb880000,0x00000000eb880000,0x00000000ebf00000)
 ParOldGen       total 340992K, used 207551K [0x00000000c0000000, 0x00000000d4d00000, 0x00000000eab00000)
  object space 340992K, 60% used [0x00000000c0000000,0x00000000ccaafc38,0x00000000d4d00000)
 Metaspace       used 84419K, committed 85696K, reserved 1179648K
  class space    used 8509K, committed 9152K, reserved 1048576K
}
Event: 1095.805 GC heap before
{Heap before GC invocations=3027 (full 54):
 PSYoungGen      total 6656K, used 6624K [0x00000000eab00000, 0x00000000ebf00000, 0x0000000100000000)
  eden space 5632K, 100% used [0x00000000eab00000,0x00000000eb080000,0x00000000eb080000)
  from space 1024K, 96% used [0x00000000eb080000,0x00000000eb178308,0x00000000eb180000)
  to   space 6656K, 0% used [0x00000000eb880000,0x00000000eb880000,0x00000000ebf00000)
 ParOldGen       total 340992K, used 207551K [0x00000000c0000000, 0x00000000d4d00000, 0x00000000eab00000)
  object space 340992K, 60% used [0x00000000c0000000,0x00000000ccaafc38,0x00000000d4d00000)
 Metaspace       used 84419K, committed 85696K, reserved 1179648K
  class space    used 8509K, committed 9152K, reserved 1048576K
}
Event: 1095.813 GC heap after
{Heap after GC invocations=3027 (full 54):
 PSYoungGen      total 13312K, used 5760K [0x00000000eab00000, 0x00000000ebe80000, 0x0000000100000000)
  eden space 7168K, 0% used [0x00000000eab00000,0x00000000eab00000,0x00000000eb200000)
  from space 6144K, 93% used [0x00000000eb880000,0x00000000ebe20000,0x00000000ebe80000)
  to   space 6144K, 0% used [0x00000000eb280000,0x00000000eb280000,0x00000000eb880000)
 ParOldGen       total 340992K, used 208575K [0x00000000c0000000, 0x00000000d4d00000, 0x00000000eab00000)
  object space 340992K, 61% used [0x00000000c0000000,0x00000000ccbaff40,0x00000000d4d00000)
 Metaspace       used 84419K, committed 85696K, reserved 1179648K
  class space    used 8509K, committed 9152K, reserved 1048576K
}
Event: 1095.816 GC heap before
{Heap before GC invocations=3028 (full 54):
 PSYoungGen      total 13312K, used 12879K [0x00000000eab00000, 0x00000000ebe80000, 0x0000000100000000)
  eden space 7168K, 99% used [0x00000000eab00000,0x00000000eb1f3ef8,0x00000000eb200000)
  from space 6144K, 93% used [0x00000000eb880000,0x00000000ebe20000,0x00000000ebe80000)
  to   space 6144K, 0% used [0x00000000eb280000,0x00000000eb280000,0x00000000eb880000)
 ParOldGen       total 340992K, used 208575K [0x00000000c0000000, 0x00000000d4d00000, 0x00000000eab00000)
  object space 340992K, 61% used [0x00000000c0000000,0x00000000ccbaff40,0x00000000d4d00000)
 Metaspace       used 84419K, committed 85696K, reserved 1179648K
  class space    used 8509K, committed 9152K, reserved 1048576K
}
Event: 1095.823 GC heap after
{Heap after GC invocations=3028 (full 54):
 PSYoungGen      total 9728K, used 1558K [0x00000000eab00000, 0x00000000eba80000, 0x0000000100000000)
  eden space 7680K, 0% used [0x00000000eab00000,0x00000000eab00000,0x00000000eb280000)
  from space 2048K, 76% used [0x00000000eb280000,0x00000000eb405ab0,0x00000000eb480000)
  to   space 3584K, 0% used [0x00000000eb700000,0x00000000eb700000,0x00000000eba80000)
 ParOldGen       total 340992K, used 214231K [0x00000000c0000000, 0x00000000d4d00000, 0x00000000eab00000)
  object space 340992K, 62% used [0x00000000c0000000,0x00000000cd135f40,0x00000000d4d00000)
 Metaspace       used 84419K, committed 85696K, reserved 1179648K
  class space    used 8509K, committed 9152K, reserved 1048576K
}
Event: 1095.828 GC heap before
{Heap before GC invocations=3029 (full 54):
 PSYoungGen      total 9728K, used 9238K [0x00000000eab00000, 0x00000000eba80000, 0x0000000100000000)
  eden space 7680K, 100% used [0x00000000eab00000,0x00000000eb280000,0x00000000eb280000)
  from space 2048K, 76% used [0x00000000eb280000,0x00000000eb405ab0,0x00000000eb480000)
  to   space 3584K, 0% used [0x00000000eb700000,0x00000000eb700000,0x00000000eba80000)
 ParOldGen       total 340992K, used 214231K [0x00000000c0000000, 0x00000000d4d00000, 0x00000000eab00000)
  object space 340992K, 62% used [0x00000000c0000000,0x00000000cd135f40,0x00000000d4d00000)
 Metaspace       used 84419K, committed 85696K, reserved 1179648K
  class space    used 8509K, committed 9152K, reserved 1048576K
}
Event: 1095.830 GC heap after
{Heap after GC invocations=3029 (full 54):
 PSYoungGen      total 12288K, used 2706K [0x00000000eab00000, 0x00000000eba00000, 0x0000000100000000)
  eden space 9216K, 0% used [0x00000000eab00000,0x00000000eab00000,0x00000000eb400000)
  from space 3072K, 88% used [0x00000000eb700000,0x00000000eb9a4960,0x00000000eba00000)
  to   space 3072K, 0% used [0x00000000eb400000,0x00000000eb400000,0x00000000eb700000)
 ParOldGen       total 340992K, used 217671K [0x00000000c0000000, 0x00000000d4d00000, 0x00000000eab00000)
  object space 340992K, 63% used [0x00000000c0000000,0x00000000cd491f50,0x00000000d4d00000)
 Metaspace       used 84419K, committed 85696K, reserved 1179648K
  class space    used 8509K, committed 9152K, reserved 1048576K
}
Event: 1095.834 GC heap before
{Heap before GC invocations=3030 (full 54):
 PSYoungGen      total 12288K, used 11701K [0x00000000eab00000, 0x00000000eba00000, 0x0000000100000000)
  eden space 9216K, 97% used [0x00000000eab00000,0x00000000eb3c8d80,0x00000000eb400000)
  from space 3072K, 88% used [0x00000000eb700000,0x00000000eb9a4960,0x00000000eba00000)
  to   space 3072K, 0% used [0x00000000eb400000,0x00000000eb400000,0x00000000eb700000)
 ParOldGen       total 340992K, used 217671K [0x00000000c0000000, 0x00000000d4d00000, 0x00000000eab00000)
  object space 340992K, 63% used [0x00000000c0000000,0x00000000cd491f50,0x00000000d4d00000)
 Metaspace       used 84419K, committed 85696K, reserved 1179648K
  class space    used 8509K, committed 9152K, reserved 1048576K
}
Event: 1095.837 GC heap after
{Heap after GC invocations=3030 (full 54):
 PSYoungGen      total 12288K, used 3058K [0x00000000eab00000, 0x00000000ec300000, 0x0000000100000000)
  eden space 9216K, 0% used [0x00000000eab00000,0x00000000eab00000,0x00000000eb400000)
  from space 3072K, 99% used [0x00000000eb400000,0x00000000eb6fc960,0x00000000eb700000)
  to   space 6656K, 0% used [0x00000000ebc80000,0x00000000ebc80000,0x00000000ec300000)
 ParOldGen       total 340992K, used 220247K [0x00000000c0000000, 0x00000000d4d00000, 0x00000000eab00000)
  object space 340992K, 64% used [0x00000000c0000000,0x00000000cd715da0,0x00000000d4d00000)
 Metaspace       used 84419K, committed 85696K, reserved 1179648K
  class space    used 8509K, committed 9152K, reserved 1048576K
}
Event: 1095.847 GC heap before
{Heap before GC invocations=3031 (full 54):
 PSYoungGen      total 12288K, used 12274K [0x00000000eab00000, 0x00000000ec300000, 0x0000000100000000)
  eden space 9216K, 100% used [0x00000000eab00000,0x00000000eb400000,0x00000000eb400000)
  from space 3072K, 99% used [0x00000000eb400000,0x00000000eb6fc960,0x00000000eb700000)
  to   space 6656K, 0% used [0x00000000ebc80000,0x00000000ebc80000,0x00000000ec300000)
 ParOldGen       total 340992K, used 220247K [0x00000000c0000000, 0x00000000d4d00000, 0x00000000eab00000)
  object space 340992K, 64% used [0x00000000c0000000,0x00000000cd715da0,0x00000000d4d00000)
 Metaspace       used 84423K, committed 85696K, reserved 1179648K
  class space    used 8509K, committed 9152K, reserved 1048576K
}
Event: 1095.850 GC heap after
{Heap after GC invocations=3031 (full 54):
 PSYoungGen      total 13824K, used 6645K [0x00000000eab00000, 0x00000000ecb00000, 0x0000000100000000)
  eden space 7168K, 0% used [0x00000000eab00000,0x00000000eab00000,0x00000000eb200000)
  from space 6656K, 99% used [0x00000000ebc80000,0x00000000ec2fd630,0x00000000ec300000)
  to   space 10752K, 0% used [0x00000000eb200000,0x00000000eb200000,0x00000000ebc80000)
 ParOldGen       total 340992K, used 223115K [0x00000000c0000000, 0x00000000d4d00000, 0x00000000eab00000)
  object space 340992K, 65% used [0x00000000c0000000,0x00000000cd9e2e18,0x00000000d4d00000)
 Metaspace       used 84423K, committed 85696K, reserved 1179648K
  class space    used 8509K, committed 9152K, reserved 1048576K
}
Event: 1095.858 GC heap before
{Heap before GC invocations=3032 (full 54):
 PSYoungGen      total 13824K, used 13813K [0x00000000eab00000, 0x00000000ecb00000, 0x0000000100000000)
  eden space 7168K, 100% used [0x00000000eab00000,0x00000000eb200000,0x00000000eb200000)
  from space 6656K, 99% used [0x00000000ebc80000,0x00000000ec2fd630,0x00000000ec300000)
  to   space 10752K, 0% used [0x00000000eb200000,0x00000000eb200000,0x00000000ebc80000)
 ParOldGen       total 340992K, used 223115K [0x00000000c0000000, 0x00000000d4d00000, 0x00000000eab00000)
  object space 340992K, 65% used [0x00000000c0000000,0x00000000cd9e2e18,0x00000000d4d00000)
 Metaspace       used 84423K, committed 85696K, reserved 1179648K
  class space    used 8509K, committed 9152K, reserved 1048576K
}
Event: 1095.862 GC heap after
{Heap after GC invocations=3032 (full 54):
 PSYoungGen      total 11776K, used 4160K [0x00000000eab00000, 0x00000000ebf80000, 0x0000000100000000)
  eden space 7168K, 0% used [0x00000000eab00000,0x00000000eab00000,0x00000000eb200000)
  from space 4608K, 90% used [0x00000000eb200000,0x00000000eb610020,0x00000000eb680000)
  to   space 6144K, 0% used [0x00000000eb980000,0x00000000eb980000,0x00000000ebf80000)
 ParOldGen       total 340992K, used 228638K [0x00000000c0000000, 0x00000000d4d00000, 0x00000000eab00000)
  object space 340992K, 67% used [0x00000000c0000000,0x00000000cdf47a90,0x00000000d4d00000)
 Metaspace       used 84423K, committed 85696K, reserved 1179648K
  class space    used 8509K, committed 9152K, reserved 1048576K
}
Event: 1095.874 GC heap before
{Heap before GC invocations=3033 (full 54):
 PSYoungGen      total 11776K, used 11328K [0x00000000eab00000, 0x00000000ebf80000, 0x0000000100000000)
  eden space 7168K, 100% used [0x00000000eab00000,0x00000000eb200000,0x00000000eb200000)
  from space 4608K, 90% used [0x00000000eb200000,0x00000000eb610020,0x00000000eb680000)
  to   space 6144K, 0% used [0x00000000eb980000,0x00000000eb980000,0x00000000ebf80000)
 ParOldGen       total 340992K, used 228638K [0x00000000c0000000, 0x00000000d4d00000, 0x00000000eab00000)
  object space 340992K, 67% used [0x00000000c0000000,0x00000000cdf47a90,0x00000000d4d00000)
 Metaspace       used 84425K, committed 85696K, reserved 1179648K
  class space    used 8509K, committed 9152K, reserved 1048576K
}
Event: 1095.880 GC heap after
{Heap after GC invocations=3033 (full 54):
 PSYoungGen      total 14336K, used 5296K [0x00000000eab00000, 0x00000000ebf00000, 0x0000000100000000)
  eden space 8704K, 0% used [0x00000000eab00000,0x00000000eab00000,0x00000000eb380000)
  from space 5632K, 94% used [0x00000000eb980000,0x00000000ebeac190,0x00000000ebf00000)
  to   space 5632K, 0% used [0x00000000eb400000,0x00000000eb400000,0x00000000eb980000)
 ParOldGen       total 340992K, used 232680K [0x00000000c0000000, 0x00000000d4d00000, 0x00000000eab00000)
  object space 340992K, 68% used [0x00000000c0000000,0x00000000ce33a030,0x00000000d4d00000)
 Metaspace       used 84425K, committed 85696K, reserved 1179648K
  class space    used 8509K, committed 9152K, reserved 1048576K
}
Event: 1095.888 GC heap before
{Heap before GC invocations=3034 (full 54):
 PSYoungGen      total 14336K, used 14000K [0x00000000eab00000, 0x00000000ebf00000, 0x0000000100000000)
  eden space 8704K, 100% used [0x00000000eab00000,0x00000000eb380000,0x00000000eb380000)
  from space 5632K, 94% used [0x00000000eb980000,0x00000000ebeac190,0x00000000ebf00000)
  to   space 5632K, 0% used [0x00000000eb400000,0x00000000eb400000,0x00000000eb980000)
 ParOldGen       total 340992K, used 232680K [0x00000000c0000000, 0x00000000d4d00000, 0x00000000eab00000)
  object space 340992K, 68% used [0x00000000c0000000,0x00000000ce33a030,0x00000000d4d00000)
 Metaspace       used 84481K, committed 85760K, reserved 1179648K
  class space    used 8513K, committed 9152K, reserved 1048576K
}
Event: 1095.892 GC heap after
{Heap after GC invocations=3034 (full 54):
 PSYoungGen      total 14848K, used 4013K [0x00000000eab00000, 0x00000000ebe80000, 0x0000000100000000)
  eden space 9216K, 0% used [0x00000000eab00000,0x00000000eab00000,0x00000000eb400000)
  from space 5632K, 71% used [0x00000000eb400000,0x00000000eb7eb6c0,0x00000000eb980000)
  to   space 4608K, 0% used [0x00000000eba00000,0x00000000eba00000,0x00000000ebe80000)
 ParOldGen       total 340992K, used 237906K [0x00000000c0000000, 0x00000000d4d00000, 0x00000000eab00000)
  object space 340992K, 69% used [0x00000000c0000000,0x00000000ce854900,0x00000000d4d00000)
 Metaspace       used 84481K, committed 85760K, reserved 1179648K
  class space    used 8513K, committed 9152K, reserved 1048576K
}
Event: 1095.917 GC heap before
{Heap before GC invocations=3035 (full 54):
 PSYoungGen      total 14848K, used 12723K [0x00000000eab00000, 0x00000000ebe80000, 0x0000000100000000)
  eden space 9216K, 94% used [0x00000000eab00000,0x00000000eb381620,0x00000000eb400000)
  from space 5632K, 71% used [0x00000000eb400000,0x00000000eb7eb6c0,0x00000000eb980000)
  to   space 4608K, 0% used [0x00000000eba00000,0x00000000eba00000,0x00000000ebe80000)
 ParOldGen       total 340992K, used 237906K [0x00000000c0000000, 0x00000000d4d00000, 0x00000000eab00000)
  object space 340992K, 69% used [0x00000000c0000000,0x00000000ce854900,0x00000000d4d00000)
 Metaspace       used 84588K, committed 85888K, reserved 1179648K
  class space    used 8525K, committed 9152K, reserved 1048576K
}

