# JRE version: Java(TM) SE Runtime Environment (8.0_151-b12) (build 1.8.0_151-b12)
# Java VM: Java HotSpot(TM) 64-Bit Server VM (25.151-b12 mixed mode linux-amd64 compressed oops)
Heap:
 PSYoungGen      total 405504K, used 17403K [0x00000000d8e00000, 0x00000000f4a00000, 0x0000000100000000)
  eden space 388096K, 0% used [0x00000000d8e00000,0x00000000d8e00000,0x00000000f0900000)
  from space 17408K, 99% used [0x00000000f3900000,0x00000000f49fed70,0x00000000f4a00000)
  to   space 13824K, 0% used [0x00000000f0900000,0x00000000f0900000,0x00000000f1680000)
 ParOldGen       total 209408K, used 149087K [0x000000008aa00000, 0x0000000097680000, 0x00000000d8e00000)
  object space 209408K, 71% used [0x000000008aa00000,0x0000000093b97e90,0x0000000097680000)
 Metaspace       used 51328K, capacity 52168K, committed 52352K, reserved 1093632K
  class space    used 7691K, capacity 7935K, committed 8064K, reserved 1048576K
GC Heap History (10 events):
Event: 7,757 GC heap after
Heap after GC invocations=11 (full 1):
 PSYoungGen      total 353792K, used 11262K [0x00000000d8e00000, 0x00000000f2400000, 0x0000000100000000)
  eden space 342528K, 0% used [0x00000000d8e00000,0x00000000d8e00000,0x00000000edc80000)
  from space 11264K, 99% used [0x00000000f1900000,0x00000000f23ffbe8,0x00000000f2400000)
  to   space 13824K, 0% used [0x00000000f0900000,0x00000000f0900000,0x00000000f1680000)
 ParOldGen       total 64000K, used 22289K [0x000000008aa00000, 0x000000008e880000, 0x00000000d8e00000)
  object space 64000K, 34% used [0x000000008aa00000,0x000000008bfc45b0,0x000000008e880000)
 Metaspace       used 34801K, capacity 35334K, committed 35456K, reserved 1079296K
  class space    used 5730K, capacity 5915K, committed 6016K, reserved 1048576K
}
Event: 7,757 GC heap before
{Heap before GC invocations=12 (full 2):
 PSYoungGen      total 353792K, used 11262K [0x00000000d8e00000, 0x00000000f2400000, 0x0000000100000000)
  eden space 342528K, 0% used [0x00000000d8e00000,0x00000000d8e00000,0x00000000edc80000)
  from space 11264K, 99% used [0x00000000f1900000,0x00000000f23ffbe8,0x00000000f2400000)
  to   space 13824K, 0% used [0x00000000f0900000,0x00000000f0900000,0x00000000f1680000)
 ParOldGen       total 64000K, used 22289K [0x000000008aa00000, 0x000000008e880000, 0x00000000d8e00000)
  object space 64000K, 34% used [0x000000008aa00000,0x000000008bfc45b0,0x000000008e880000)
 Metaspace       used 34801K, capacity 35334K, committed 35456K, reserved 1079296K
  class space    used 5730K, capacity 5915K, committed 6016K, reserved 1048576K
Event: 7,843 GC heap after
Heap after GC invocations=12 (full 2):
 PSYoungGen      total 353792K, used 0K [0x00000000d8e00000, 0x00000000f2400000, 0x0000000100000000)
  eden space 342528K, 0% used [0x00000000d8e00000,0x00000000d8e00000,0x00000000edc80000)
  from space 11264K, 0% used [0x00000000f1900000,0x00000000f1900000,0x00000000f2400000)
  to   space 13824K, 0% used [0x00000000f0900000,0x00000000f0900000,0x00000000f1680000)
 ParOldGen       total 101376K, used 31705K [0x000000008aa00000, 0x0000000090d00000, 0x00000000d8e00000)
  object space 101376K, 31% used [0x000000008aa00000,0x000000008c8f64b8,0x0000000090d00000)
 Metaspace       used 34801K, capacity 35334K, committed 35456K, reserved 1079296K
  class space    used 5730K, capacity 5915K, committed 6016K, reserved 1048576K
}
Event: 13,123 GC heap before
{Heap before GC invocations=13 (full 2):
 PSYoungGen      total 353792K, used 342528K [0x00000000d8e00000, 0x00000000f2400000, 0x0000000100000000)
  eden space 342528K, 100% used [0x00000000d8e00000,0x00000000edc80000,0x00000000edc80000)
  from space 11264K, 0% used [0x00000000f1900000,0x00000000f1900000,0x00000000f2400000)
  to   space 13824K, 0% used [0x00000000f0900000,0x00000000f0900000,0x00000000f1680000)
 ParOldGen       total 101376K, used 31705K [0x000000008aa00000, 0x0000000090d00000, 0x00000000d8e00000)
  object space 101376K, 31% used [0x000000008aa00000,0x000000008c8f64b8,0x0000000090d00000)
 Metaspace       used 43966K, capacity 44698K, committed 44928K, reserved 1087488K
  class space    used 6986K, capacity 7193K, committed 7296K, reserved 1048576K
Event: 13,154 GC heap after
Heap after GC invocations=13 (full 2):
 PSYoungGen      total 401920K, used 13817K [0x00000000d8e00000, 0x00000000f4a00000, 0x0000000100000000)
  eden space 388096K, 0% used [0x00000000d8e00000,0x00000000d8e00000,0x00000000f0900000)
  from space 13824K, 99% used [0x00000000f0900000,0x00000000f167e670,0x00000000f1680000)
  to   space 17408K, 0% used [0x00000000f3900000,0x00000000f3900000,0x00000000f4a00000)
 ParOldGen       total 101376K, used 35978K [0x000000008aa00000, 0x0000000090d00000, 0x00000000d8e00000)
  object space 101376K, 35% used [0x000000008aa00000,0x000000008cd229c8,0x0000000090d00000)
 Metaspace       used 43966K, capacity 44698K, committed 44928K, reserved 1087488K
  class space    used 6986K, capacity 7193K, committed 7296K, reserved 1048576K
}
Event: 16,104 GC heap before
{Heap before GC invocations=14 (full 2):
 PSYoungGen      total 401920K, used 401913K [0x00000000d8e00000, 0x00000000f4a00000, 0x0000000100000000)
  eden space 388096K, 100% used [0x00000000d8e00000,0x00000000f0900000,0x00000000f0900000)
  from space 13824K, 99% used [0x00000000f0900000,0x00000000f167e670,0x00000000f1680000)
  to   space 17408K, 0% used [0x00000000f3900000,0x00000000f3900000,0x00000000f4a00000)
 ParOldGen       total 101376K, used 35978K [0x000000008aa00000, 0x0000000090d00000, 0x00000000d8e00000)
  object space 101376K, 35% used [0x000000008aa00000,0x000000008cd229c8,0x0000000090d00000)
 Metaspace       used 49310K, capacity 50144K, committed 50304K, reserved 1091584K
  class space    used 7552K, capacity 7747K, committed 7808K, reserved 1048576K
Event: 16,362 GC heap after
Heap after GC invocations=14 (full 2):
 PSYoungGen      total 401920K, used 401913K [0x00000000d8e00000, 0x00000000f4a00000, 0x0000000100000000)
  eden space 388096K, 100% used [0x00000000d8e00000,0x00000000f0900000,0x00000000f0900000)
  from space 13824K, 99% used [0x00000000f0900000,0x00000000f167e670,0x00000000f1680000)
  to   space 17408K, 99% used [0x00000000f3900000,0x00000000f49fae28,0x00000000f4a00000)
 ParOldGen       total 117760K, used 117399K [0x000000008aa00000, 0x0000000091d00000, 0x00000000d8e00000)
  object space 117760K, 99% used [0x000000008aa00000,0x0000000091ca5e58,0x0000000091d00000)
 Metaspace       used 49310K, capacity 50144K, committed 50304K, reserved 1091584K
  class space    used 7552K, capacity 7747K, committed 7808K, reserved 1048576K
}
Event: 16,362 GC heap before
{Heap before GC invocations=15 (full 3):
 PSYoungGen      total 401920K, used 401913K [0x00000000d8e00000, 0x00000000f4a00000, 0x0000000100000000)
  eden space 388096K, 100% used [0x00000000d8e00000,0x00000000f0900000,0x00000000f0900000)
  from space 13824K, 99% used [0x00000000f0900000,0x00000000f167e670,0x00000000f1680000)
  to   space 17408K, 99% used [0x00000000f3900000,0x00000000f49fae28,0x00000000f4a00000)
 ParOldGen       total 117760K, used 117399K [0x000000008aa00000, 0x0000000091d00000, 0x00000000d8e00000)
  object space 117760K, 99% used [0x000000008aa00000,0x0000000091ca5e58,0x0000000091d00000)
 Metaspace       used 49310K, capacity 50144K, committed 50304K, reserved 1091584K
  class space    used 7552K, capacity 7747K, committed 7808K, reserved 1048576K
Event: 16,931 GC heap after
Heap after GC invocations=15 (full 3):
 PSYoungGen      total 401920K, used 17477K [0x00000000d8e00000, 0x00000000f4a00000, 0x0000000100000000)
  eden space 388096K, 4% used [0x00000000d8e00000,0x00000000d9f117b8,0x00000000f0900000)
  from space 13824K, 0% used [0x00000000f0900000,0x00000000f0900000,0x00000000f1680000)
  to   space 17408K, 0% used [0x00000000f3900000,0x00000000f3900000,0x00000000f4a00000)
 ParOldGen       total 209408K, used 117734K [0x000000008aa00000, 0x0000000097680000, 0x00000000d8e00000)
  object space 209408K, 56% used [0x000000008aa00000,0x0000000091cf9bd0,0x0000000097680000)
 Metaspace       used 49289K, capacity 50056K, committed 50304K, reserved 1091584K
  class space    used 7550K, capacity 7743K, committed 7808K, reserved 1048576K
}
Event: 25,128 GC heap before
{Heap before GC invocations=16 (full 3):
 PSYoungGen      total 401920K, used 388096K [0x00000000d8e00000, 0x00000000f4a00000, 0x0000000100000000)
  eden space 388096K, 100% used [0x00000000d8e00000,0x00000000f0900000,0x00000000f0900000)
  from space 13824K, 0% used [0x00000000f0900000,0x00000000f0900000,0x00000000f1680000)
  to   space 17408K, 0% used [0x00000000f3900000,0x00000000f3900000,0x00000000f4a00000)
 ParOldGen       total 209408K, used 117734K [0x000000008aa00000, 0x0000000097680000, 0x00000000d8e00000)
  object space 209408K, 56% used [0x000000008aa00000,0x0000000091cf9bd0,0x0000000097680000)
 Metaspace       used 51328K, capacity 52168K, committed 52352K, reserved 1093632K
  class space    used 7691K, capacity 7935K, committed 8064K, reserved 1048576K

